2021-03-19T15:00:13+00:00 CRITICAL Maximum execution time of 120 seconds exceeded in F:\xamm\htdocs\alwaysready\wp-includes\wp-db.php on line 2056

2021-03-19T15:00:13+00:00 CRITICAL Maximum execution time of 120 seconds exceeded in F:\xamm\htdocs\alwaysready\wp-includes\wp-db.php on line 2056

2021-03-19T15:10:59+00:00 CRITICAL Maximum execution time of 120 seconds exceeded in F:\xamm\htdocs\alwaysready\wp-includes\Requests\Transport\cURL.php on line 441

2021-03-19T15:22:11+00:00 CRITICAL Maximum execution time of 120 seconds exceeded in F:\xamm\htdocs\alwaysready\wp-includes\Requests\Transport\cURL.php on line 463

2021-03-19T15:27:24+00:00 CRITICAL Uncaught Error: Unknown named parameter $tasks_meta_id in F:\xamm\htdocs\alwaysready\wp-includes\class-wp-hook.php:292
Stack trace:
#0 F:\xamm\htdocs\alwaysready\wp-includes\class-wp-hook.php(316): WP_Hook->apply_filters('', Array)
#1 F:\xamm\htdocs\alwaysready\wp-includes\plugin.php(551): WP_Hook->do_action(Array)
#2 F:\xamm\htdocs\alwaysready\wp-content\plugins\woocommerce\packages\action-scheduler\classes\actions\ActionScheduler_Action.php(22): do_action_ref_array('wpforms_admin_n...', Array)
#3 F:\xamm\htdocs\alwaysready\wp-content\plugins\woocommerce\packages\action-scheduler\classes\abstracts\ActionScheduler_Abstract_QueueRunner.php(65): ActionScheduler_Action->execute()
#4 F:\xamm\htdocs\alwaysready\wp-content\plugins\woocommerce\packages\action-scheduler\classes\ActionScheduler_QueueRunner.php(162): ActionScheduler_Abstract_QueueRunner->process_action(14, 'Async Request')
#5 F:\xamm\htdocs\alwaysready\wp-content\plugins\woocommerce\packages\action-scheduler\classes\ActionScheduler_QueueRunner.php(132): ActionScheduler_QueueRunner->do_batch(25, 'Async Request')
#6 F:\xamm\htdocs\alwaysready\wp-includes\class-wp-hook.php(292): ActionScheduler_QueueRunner->run('Async Request')
#7 F:\xamm\htdocs\alwaysready\wp-includes\class-wp-hook.php(316): WP_Hook->apply_filters('', Array)
#8 F:\xamm\htdocs\alwaysready\wp-includes\plugin.php(484): WP_Hook->do_action(Array)
#9 F:\xamm\htdocs\alwaysready\wp-content\plugins\woocommerce\packages\action-scheduler\classes\ActionScheduler_AsyncRequest_QueueRunner.php(52): do_action('action_schedule...', 'Async Request')
#10 F:\xamm\htdocs\alwaysready\wp-content\plugins\woocommerce\includes\libraries\wp-async-request.php(147): ActionScheduler_AsyncRequest_QueueRunner->handle()
#11 F:\xamm\htdocs\alwaysready\wp-includes\class-wp-hook.php(292): WP_Async_Request->maybe_handle('')
#12 F:\xamm\htdocs\alwaysready\wp-includes\class-wp-hook.php(316): WP_Hook->apply_filters('', Array)
#13 F:\xamm\htdocs\alwaysready\wp-includes\plugin.php(484): WP_Hook->do_action(Array)
#14 F:\xamm\htdocs\alwaysready\wp-admin\admin-ajax.php(187): do_action('wp_ajax_as_asyn...')
#15 {main}
  thrown in F:\xamm\htdocs\alwaysready\wp-includes\class-wp-hook.php on line 292

2021-03-19T15:30:11+00:00 CRITICAL Maximum execution time of 120 seconds exceeded in F:\xamm\htdocs\alwaysready\wp-includes\wp-db.php on line 2056

2021-03-19T15:32:45+00:00 CRITICAL Uncaught Error: Unknown named parameter $tasks_meta_id in F:\xamm\htdocs\alwaysready\wp-includes\class-wp-hook.php:292
Stack trace:
#0 F:\xamm\htdocs\alwaysready\wp-includes\class-wp-hook.php(316): WP_Hook->apply_filters('', Array)
#1 F:\xamm\htdocs\alwaysready\wp-includes\plugin.php(551): WP_Hook->do_action(Array)
#2 F:\xamm\htdocs\alwaysready\wp-content\plugins\woocommerce\packages\action-scheduler\classes\actions\ActionScheduler_Action.php(22): do_action_ref_array('wpforms_admin_n...', Array)
#3 F:\xamm\htdocs\alwaysready\wp-content\plugins\woocommerce\packages\action-scheduler\classes\abstracts\ActionScheduler_Abstract_QueueRunner.php(65): ActionScheduler_Action->execute()
#4 F:\xamm\htdocs\alwaysready\wp-content\plugins\woocommerce\packages\action-scheduler\classes\ActionScheduler_QueueRunner.php(162): ActionScheduler_Abstract_QueueRunner->process_action(15, 'Async Request')
#5 F:\xamm\htdocs\alwaysready\wp-content\plugins\woocommerce\packages\action-scheduler\classes\ActionScheduler_QueueRunner.php(132): ActionScheduler_QueueRunner->do_batch(25, 'Async Request')
#6 F:\xamm\htdocs\alwaysready\wp-includes\class-wp-hook.php(292): ActionScheduler_QueueRunner->run('Async Request')
#7 F:\xamm\htdocs\alwaysready\wp-includes\class-wp-hook.php(316): WP_Hook->apply_filters('', Array)
#8 F:\xamm\htdocs\alwaysready\wp-includes\plugin.php(484): WP_Hook->do_action(Array)
#9 F:\xamm\htdocs\alwaysready\wp-content\plugins\woocommerce\packages\action-scheduler\classes\ActionScheduler_AsyncRequest_QueueRunner.php(52): do_action('action_schedule...', 'Async Request')
#10 F:\xamm\htdocs\alwaysready\wp-content\plugins\woocommerce\includes\libraries\wp-async-request.php(147): ActionScheduler_AsyncRequest_QueueRunner->handle()
#11 F:\xamm\htdocs\alwaysready\wp-includes\class-wp-hook.php(292): WP_Async_Request->maybe_handle('')
#12 F:\xamm\htdocs\alwaysready\wp-includes\class-wp-hook.php(316): WP_Hook->apply_filters('', Array)
#13 F:\xamm\htdocs\alwaysready\wp-includes\plugin.php(484): WP_Hook->do_action(Array)
#14 F:\xamm\htdocs\alwaysready\wp-admin\admin-ajax.php(187): do_action('wp_ajax_as_asyn...')
#15 {main}
  thrown in F:\xamm\htdocs\alwaysready\wp-includes\class-wp-hook.php on line 292

2021-03-19T15:33:09+00:00 CRITICAL Uncaught Error: Unknown named parameter $tasks_meta_id in F:\xamm\htdocs\alwaysready\wp-includes\class-wp-hook.php:292
Stack trace:
#0 F:\xamm\htdocs\alwaysready\wp-includes\class-wp-hook.php(316): WP_Hook->apply_filters('', Array)
#1 F:\xamm\htdocs\alwaysready\wp-includes\plugin.php(551): WP_Hook->do_action(Array)
#2 F:\xamm\htdocs\alwaysready\wp-content\plugins\woocommerce\packages\action-scheduler\classes\actions\ActionScheduler_Action.php(22): do_action_ref_array('wpforms_admin_n...', Array)
#3 F:\xamm\htdocs\alwaysready\wp-content\plugins\woocommerce\packages\action-scheduler\classes\abstracts\ActionScheduler_Abstract_QueueRunner.php(65): ActionScheduler_Action->execute()
#4 F:\xamm\htdocs\alwaysready\wp-content\plugins\woocommerce\packages\action-scheduler\classes\ActionScheduler_QueueRunner.php(162): ActionScheduler_Abstract_QueueRunner->process_action(16, 'WP Cron')
#5 F:\xamm\htdocs\alwaysready\wp-content\plugins\woocommerce\packages\action-scheduler\classes\ActionScheduler_QueueRunner.php(132): ActionScheduler_QueueRunner->do_batch(25, 'WP Cron')
#6 F:\xamm\htdocs\alwaysready\wp-includes\class-wp-hook.php(292): ActionScheduler_QueueRunner->run('WP Cron')
#7 F:\xamm\htdocs\alwaysready\wp-includes\class-wp-hook.php(316): WP_Hook->apply_filters('', Array)
#8 F:\xamm\htdocs\alwaysready\wp-includes\plugin.php(551): WP_Hook->do_action(Array)
#9 F:\xamm\htdocs\alwaysready\wp-cron.php(138): do_action_ref_array('action_schedule...', Array)
#10 {main}
  thrown in F:\xamm\htdocs\alwaysready\wp-includes\class-wp-hook.php on line 292

2021-03-19T15:34:12+00:00 CRITICAL Uncaught Error: Unknown named parameter $tasks_meta_id in F:\xamm\htdocs\alwaysready\wp-includes\class-wp-hook.php:292
Stack trace:
#0 F:\xamm\htdocs\alwaysready\wp-includes\class-wp-hook.php(316): WP_Hook->apply_filters('', Array)
#1 F:\xamm\htdocs\alwaysready\wp-includes\plugin.php(551): WP_Hook->do_action(Array)
#2 F:\xamm\htdocs\alwaysready\wp-content\plugins\woocommerce\packages\action-scheduler\classes\actions\ActionScheduler_Action.php(22): do_action_ref_array('wpforms_admin_n...', Array)
#3 F:\xamm\htdocs\alwaysready\wp-content\plugins\woocommerce\packages\action-scheduler\classes\abstracts\ActionScheduler_Abstract_QueueRunner.php(65): ActionScheduler_Action->execute()
#4 F:\xamm\htdocs\alwaysready\wp-content\plugins\woocommerce\packages\action-scheduler\classes\ActionScheduler_QueueRunner.php(162): ActionScheduler_Abstract_QueueRunner->process_action(17, 'WP Cron')
#5 F:\xamm\htdocs\alwaysready\wp-content\plugins\woocommerce\packages\action-scheduler\classes\ActionScheduler_QueueRunner.php(132): ActionScheduler_QueueRunner->do_batch(25, 'WP Cron')
#6 F:\xamm\htdocs\alwaysready\wp-includes\class-wp-hook.php(292): ActionScheduler_QueueRunner->run('WP Cron')
#7 F:\xamm\htdocs\alwaysready\wp-includes\class-wp-hook.php(316): WP_Hook->apply_filters('', Array)
#8 F:\xamm\htdocs\alwaysready\wp-includes\plugin.php(551): WP_Hook->do_action(Array)
#9 F:\xamm\htdocs\alwaysready\wp-cron.php(138): do_action_ref_array('action_schedule...', Array)
#10 {main}
  thrown in F:\xamm\htdocs\alwaysready\wp-includes\class-wp-hook.php on line 292

2021-03-19T15:34:19+00:00 CRITICAL Uncaught Error: Unknown named parameter $tasks_meta_id in F:\xamm\htdocs\alwaysready\wp-includes\class-wp-hook.php:292
Stack trace:
#0 F:\xamm\htdocs\alwaysready\wp-includes\class-wp-hook.php(316): WP_Hook->apply_filters('', Array)
#1 F:\xamm\htdocs\alwaysready\wp-includes\plugin.php(551): WP_Hook->do_action(Array)
#2 F:\xamm\htdocs\alwaysready\wp-content\plugins\woocommerce\packages\action-scheduler\classes\actions\ActionScheduler_Action.php(22): do_action_ref_array('wpforms_admin_n...', Array)
#3 F:\xamm\htdocs\alwaysready\wp-content\plugins\woocommerce\packages\action-scheduler\classes\abstracts\ActionScheduler_Abstract_QueueRunner.php(65): ActionScheduler_Action->execute()
#4 F:\xamm\htdocs\alwaysready\wp-content\plugins\woocommerce\packages\action-scheduler\classes\ActionScheduler_QueueRunner.php(162): ActionScheduler_Abstract_QueueRunner->process_action(18, 'Async Request')
#5 F:\xamm\htdocs\alwaysready\wp-content\plugins\woocommerce\packages\action-scheduler\classes\ActionScheduler_QueueRunner.php(132): ActionScheduler_QueueRunner->do_batch(25, 'Async Request')
#6 F:\xamm\htdocs\alwaysready\wp-includes\class-wp-hook.php(292): ActionScheduler_QueueRunner->run('Async Request')
#7 F:\xamm\htdocs\alwaysready\wp-includes\class-wp-hook.php(316): WP_Hook->apply_filters('', Array)
#8 F:\xamm\htdocs\alwaysready\wp-includes\plugin.php(484): WP_Hook->do_action(Array)
#9 F:\xamm\htdocs\alwaysready\wp-content\plugins\woocommerce\packages\action-scheduler\classes\ActionScheduler_AsyncRequest_QueueRunner.php(52): do_action('action_schedule...', 'Async Request')
#10 F:\xamm\htdocs\alwaysready\wp-content\plugins\woocommerce\includes\libraries\wp-async-request.php(147): ActionScheduler_AsyncRequest_QueueRunner->handle()
#11 F:\xamm\htdocs\alwaysready\wp-includes\class-wp-hook.php(292): WP_Async_Request->maybe_handle('')
#12 F:\xamm\htdocs\alwaysready\wp-includes\class-wp-hook.php(316): WP_Hook->apply_filters('', Array)
#13 F:\xamm\htdocs\alwaysready\wp-includes\plugin.php(484): WP_Hook->do_action(Array)
#14 F:\xamm\htdocs\alwaysready\wp-admin\admin-ajax.php(187): do_action('wp_ajax_as_asyn...')
#15 {main}
  thrown in F:\xamm\htdocs\alwaysready\wp-includes\class-wp-hook.php on line 292

2021-03-19T15:35:28+00:00 CRITICAL Uncaught Error: Unknown named parameter $tasks_meta_id in F:\xamm\htdocs\alwaysready\wp-includes\class-wp-hook.php:292
Stack trace:
#0 F:\xamm\htdocs\alwaysready\wp-includes\class-wp-hook.php(316): WP_Hook->apply_filters('', Array)
#1 F:\xamm\htdocs\alwaysready\wp-includes\plugin.php(551): WP_Hook->do_action(Array)
#2 F:\xamm\htdocs\alwaysready\wp-content\plugins\woocommerce\packages\action-scheduler\classes\actions\ActionScheduler_Action.php(22): do_action_ref_array('wpforms_admin_n...', Array)
#3 F:\xamm\htdocs\alwaysready\wp-content\plugins\woocommerce\packages\action-scheduler\classes\abstracts\ActionScheduler_Abstract_QueueRunner.php(65): ActionScheduler_Action->execute()
#4 F:\xamm\htdocs\alwaysready\wp-content\plugins\woocommerce\packages\action-scheduler\classes\ActionScheduler_QueueRunner.php(162): ActionScheduler_Abstract_QueueRunner->process_action(19, 'WP Cron')
#5 F:\xamm\htdocs\alwaysready\wp-content\plugins\woocommerce\packages\action-scheduler\classes\ActionScheduler_QueueRunner.php(132): ActionScheduler_QueueRunner->do_batch(25, 'WP Cron')
#6 F:\xamm\htdocs\alwaysready\wp-includes\class-wp-hook.php(292): ActionScheduler_QueueRunner->run('WP Cron')
#7 F:\xamm\htdocs\alwaysready\wp-includes\class-wp-hook.php(316): WP_Hook->apply_filters('', Array)
#8 F:\xamm\htdocs\alwaysready\wp-includes\plugin.php(551): WP_Hook->do_action(Array)
#9 F:\xamm\htdocs\alwaysready\wp-cron.php(138): do_action_ref_array('action_schedule...', Array)
#10 {main}
  thrown in F:\xamm\htdocs\alwaysready\wp-includes\class-wp-hook.php on line 292

2021-03-19T15:36:32+00:00 CRITICAL Uncaught Error: Unknown named parameter $tasks_meta_id in F:\xamm\htdocs\alwaysready\wp-includes\class-wp-hook.php:292
Stack trace:
#0 F:\xamm\htdocs\alwaysready\wp-includes\class-wp-hook.php(316): WP_Hook->apply_filters('', Array)
#1 F:\xamm\htdocs\alwaysready\wp-includes\plugin.php(551): WP_Hook->do_action(Array)
#2 F:\xamm\htdocs\alwaysready\wp-content\plugins\woocommerce\packages\action-scheduler\classes\actions\ActionScheduler_Action.php(22): do_action_ref_array('wpforms_admin_n...', Array)
#3 F:\xamm\htdocs\alwaysready\wp-content\plugins\woocommerce\packages\action-scheduler\classes\abstracts\ActionScheduler_Abstract_QueueRunner.php(65): ActionScheduler_Action->execute()
#4 F:\xamm\htdocs\alwaysready\wp-content\plugins\woocommerce\packages\action-scheduler\classes\ActionScheduler_QueueRunner.php(162): ActionScheduler_Abstract_QueueRunner->process_action(20, 'WP Cron')
#5 F:\xamm\htdocs\alwaysready\wp-content\plugins\woocommerce\packages\action-scheduler\classes\ActionScheduler_QueueRunner.php(132): ActionScheduler_QueueRunner->do_batch(25, 'WP Cron')
#6 F:\xamm\htdocs\alwaysready\wp-includes\class-wp-hook.php(292): ActionScheduler_QueueRunner->run('WP Cron')
#7 F:\xamm\htdocs\alwaysready\wp-includes\class-wp-hook.php(316): WP_Hook->apply_filters('', Array)
#8 F:\xamm\htdocs\alwaysready\wp-includes\plugin.php(551): WP_Hook->do_action(Array)
#9 F:\xamm\htdocs\alwaysready\wp-cron.php(138): do_action_ref_array('action_schedule...', Array)
#10 {main}
  thrown in F:\xamm\htdocs\alwaysready\wp-includes\class-wp-hook.php on line 292

2021-03-19T15:36:41+00:00 CRITICAL Uncaught Error: Unknown named parameter $tasks_meta_id in F:\xamm\htdocs\alwaysready\wp-includes\class-wp-hook.php:292
Stack trace:
#0 F:\xamm\htdocs\alwaysready\wp-includes\class-wp-hook.php(316): WP_Hook->apply_filters('', Array)
#1 F:\xamm\htdocs\alwaysready\wp-includes\plugin.php(551): WP_Hook->do_action(Array)
#2 F:\xamm\htdocs\alwaysready\wp-content\plugins\woocommerce\packages\action-scheduler\classes\actions\ActionScheduler_Action.php(22): do_action_ref_array('wpforms_admin_n...', Array)
#3 F:\xamm\htdocs\alwaysready\wp-content\plugins\woocommerce\packages\action-scheduler\classes\abstracts\ActionScheduler_Abstract_QueueRunner.php(65): ActionScheduler_Action->execute()
#4 F:\xamm\htdocs\alwaysready\wp-content\plugins\woocommerce\packages\action-scheduler\classes\ActionScheduler_QueueRunner.php(162): ActionScheduler_Abstract_QueueRunner->process_action(21, 'Async Request')
#5 F:\xamm\htdocs\alwaysready\wp-content\plugins\woocommerce\packages\action-scheduler\classes\ActionScheduler_QueueRunner.php(132): ActionScheduler_QueueRunner->do_batch(25, 'Async Request')
#6 F:\xamm\htdocs\alwaysready\wp-includes\class-wp-hook.php(292): ActionScheduler_QueueRunner->run('Async Request')
#7 F:\xamm\htdocs\alwaysready\wp-includes\class-wp-hook.php(316): WP_Hook->apply_filters('', Array)
#8 F:\xamm\htdocs\alwaysready\wp-includes\plugin.php(484): WP_Hook->do_action(Array)
#9 F:\xamm\htdocs\alwaysready\wp-content\plugins\woocommerce\packages\action-scheduler\classes\ActionScheduler_AsyncRequest_QueueRunner.php(52): do_action('action_schedule...', 'Async Request')
#10 F:\xamm\htdocs\alwaysready\wp-content\plugins\woocommerce\includes\libraries\wp-async-request.php(147): ActionScheduler_AsyncRequest_QueueRunner->handle()
#11 F:\xamm\htdocs\alwaysready\wp-includes\class-wp-hook.php(292): WP_Async_Request->maybe_handle('')
#12 F:\xamm\htdocs\alwaysready\wp-includes\class-wp-hook.php(316): WP_Hook->apply_filters('', Array)
#13 F:\xamm\htdocs\alwaysready\wp-includes\plugin.php(484): WP_Hook->do_action(Array)
#14 F:\xamm\htdocs\alwaysready\wp-admin\admin-ajax.php(187): do_action('wp_ajax_as_asyn...')
#15 {main}
  thrown in F:\xamm\htdocs\alwaysready\wp-includes\class-wp-hook.php on line 292

2021-03-19T15:37:39+00:00 CRITICAL Uncaught Error: Unknown named parameter $tasks_meta_id in F:\xamm\htdocs\alwaysready\wp-includes\class-wp-hook.php:292
Stack trace:
#0 F:\xamm\htdocs\alwaysready\wp-includes\class-wp-hook.php(316): WP_Hook->apply_filters('', Array)
#1 F:\xamm\htdocs\alwaysready\wp-includes\plugin.php(551): WP_Hook->do_action(Array)
#2 F:\xamm\htdocs\alwaysready\wp-content\plugins\woocommerce\packages\action-scheduler\classes\actions\ActionScheduler_Action.php(22): do_action_ref_array('wpforms_admin_n...', Array)
#3 F:\xamm\htdocs\alwaysready\wp-content\plugins\woocommerce\packages\action-scheduler\classes\abstracts\ActionScheduler_Abstract_QueueRunner.php(65): ActionScheduler_Action->execute()
#4 F:\xamm\htdocs\alwaysready\wp-content\plugins\woocommerce\packages\action-scheduler\classes\ActionScheduler_QueueRunner.php(162): ActionScheduler_Abstract_QueueRunner->process_action(22, 'WP Cron')
#5 F:\xamm\htdocs\alwaysready\wp-content\plugins\woocommerce\packages\action-scheduler\classes\ActionScheduler_QueueRunner.php(132): ActionScheduler_QueueRunner->do_batch(25, 'WP Cron')
#6 F:\xamm\htdocs\alwaysready\wp-includes\class-wp-hook.php(292): ActionScheduler_QueueRunner->run('WP Cron')
#7 F:\xamm\htdocs\alwaysready\wp-includes\class-wp-hook.php(316): WP_Hook->apply_filters('', Array)
#8 F:\xamm\htdocs\alwaysready\wp-includes\plugin.php(551): WP_Hook->do_action(Array)
#9 F:\xamm\htdocs\alwaysready\wp-cron.php(138): do_action_ref_array('action_schedule...', Array)
#10 {main}
  thrown in F:\xamm\htdocs\alwaysready\wp-includes\class-wp-hook.php on line 292

2021-03-19T15:39:41+00:00 CRITICAL Uncaught Error: Unknown named parameter $tasks_meta_id in F:\xamm\htdocs\alwaysready\wp-includes\class-wp-hook.php:292
Stack trace:
#0 F:\xamm\htdocs\alwaysready\wp-includes\class-wp-hook.php(316): WP_Hook->apply_filters('', Array)
#1 F:\xamm\htdocs\alwaysready\wp-includes\plugin.php(551): WP_Hook->do_action(Array)
#2 F:\xamm\htdocs\alwaysready\wp-content\plugins\woocommerce\packages\action-scheduler\classes\actions\ActionScheduler_Action.php(22): do_action_ref_array('wpforms_admin_n...', Array)
#3 F:\xamm\htdocs\alwaysready\wp-content\plugins\woocommerce\packages\action-scheduler\classes\abstracts\ActionScheduler_Abstract_QueueRunner.php(65): ActionScheduler_Action->execute()
#4 F:\xamm\htdocs\alwaysready\wp-content\plugins\woocommerce\packages\action-scheduler\classes\ActionScheduler_QueueRunner.php(162): ActionScheduler_Abstract_QueueRunner->process_action(23, 'WP Cron')
#5 F:\xamm\htdocs\alwaysready\wp-content\plugins\woocommerce\packages\action-scheduler\classes\ActionScheduler_QueueRunner.php(132): ActionScheduler_QueueRunner->do_batch(25, 'WP Cron')
#6 F:\xamm\htdocs\alwaysready\wp-includes\class-wp-hook.php(292): ActionScheduler_QueueRunner->run('WP Cron')
#7 F:\xamm\htdocs\alwaysready\wp-includes\class-wp-hook.php(316): WP_Hook->apply_filters('', Array)
#8 F:\xamm\htdocs\alwaysready\wp-includes\plugin.php(551): WP_Hook->do_action(Array)
#9 F:\xamm\htdocs\alwaysready\wp-cron.php(138): do_action_ref_array('action_schedule...', Array)
#10 {main}
  thrown in F:\xamm\htdocs\alwaysready\wp-includes\class-wp-hook.php on line 292

2021-03-19T15:40:47+00:00 CRITICAL Uncaught Error: Unknown named parameter $tasks_meta_id in F:\xamm\htdocs\alwaysready\wp-includes\class-wp-hook.php:292
Stack trace:
#0 F:\xamm\htdocs\alwaysready\wp-includes\class-wp-hook.php(316): WP_Hook->apply_filters('', Array)
#1 F:\xamm\htdocs\alwaysready\wp-includes\plugin.php(551): WP_Hook->do_action(Array)
#2 F:\xamm\htdocs\alwaysready\wp-content\plugins\woocommerce\packages\action-scheduler\classes\actions\ActionScheduler_Action.php(22): do_action_ref_array('wpforms_admin_n...', Array)
#3 F:\xamm\htdocs\alwaysready\wp-content\plugins\woocommerce\packages\action-scheduler\classes\abstracts\ActionScheduler_Abstract_QueueRunner.php(65): ActionScheduler_Action->execute()
#4 F:\xamm\htdocs\alwaysready\wp-content\plugins\woocommerce\packages\action-scheduler\classes\ActionScheduler_QueueRunner.php(162): ActionScheduler_Abstract_QueueRunner->process_action(24, 'Async Request')
#5 F:\xamm\htdocs\alwaysready\wp-content\plugins\woocommerce\packages\action-scheduler\classes\ActionScheduler_QueueRunner.php(132): ActionScheduler_QueueRunner->do_batch(25, 'Async Request')
#6 F:\xamm\htdocs\alwaysready\wp-includes\class-wp-hook.php(292): ActionScheduler_QueueRunner->run('Async Request')
#7 F:\xamm\htdocs\alwaysready\wp-includes\class-wp-hook.php(316): WP_Hook->apply_filters('', Array)
#8 F:\xamm\htdocs\alwaysready\wp-includes\plugin.php(484): WP_Hook->do_action(Array)
#9 F:\xamm\htdocs\alwaysready\wp-content\plugins\woocommerce\packages\action-scheduler\classes\ActionScheduler_AsyncRequest_QueueRunner.php(52): do_action('action_schedule...', 'Async Request')
#10 F:\xamm\htdocs\alwaysready\wp-content\plugins\woocommerce\includes\libraries\wp-async-request.php(147): ActionScheduler_AsyncRequest_QueueRunner->handle()
#11 F:\xamm\htdocs\alwaysready\wp-includes\class-wp-hook.php(292): WP_Async_Request->maybe_handle('')
#12 F:\xamm\htdocs\alwaysready\wp-includes\class-wp-hook.php(316): WP_Hook->apply_filters('', Array)
#13 F:\xamm\htdocs\alwaysready\wp-includes\plugin.php(484): WP_Hook->do_action(Array)
#14 F:\xamm\htdocs\alwaysready\wp-admin\admin-ajax.php(187): do_action('wp_ajax_as_asyn...')
#15 {main}
  thrown in F:\xamm\htdocs\alwaysready\wp-includes\class-wp-hook.php on line 292

2021-03-19T15:41:47+00:00 CRITICAL Uncaught Error: Unknown named parameter $tasks_meta_id in F:\xamm\htdocs\alwaysready\wp-includes\class-wp-hook.php:292
Stack trace:
#0 F:\xamm\htdocs\alwaysready\wp-includes\class-wp-hook.php(316): WP_Hook->apply_filters('', Array)
#1 F:\xamm\htdocs\alwaysready\wp-includes\plugin.php(551): WP_Hook->do_action(Array)
#2 F:\xamm\htdocs\alwaysready\wp-content\plugins\woocommerce\packages\action-scheduler\classes\actions\ActionScheduler_Action.php(22): do_action_ref_array('wpforms_admin_n...', Array)
#3 F:\xamm\htdocs\alwaysready\wp-content\plugins\woocommerce\packages\action-scheduler\classes\abstracts\ActionScheduler_Abstract_QueueRunner.php(65): ActionScheduler_Action->execute()
#4 F:\xamm\htdocs\alwaysready\wp-content\plugins\woocommerce\packages\action-scheduler\classes\ActionScheduler_QueueRunner.php(162): ActionScheduler_Abstract_QueueRunner->process_action(25, 'WP Cron')
#5 F:\xamm\htdocs\alwaysready\wp-content\plugins\woocommerce\packages\action-scheduler\classes\ActionScheduler_QueueRunner.php(132): ActionScheduler_QueueRunner->do_batch(25, 'WP Cron')
#6 F:\xamm\htdocs\alwaysready\wp-includes\class-wp-hook.php(292): ActionScheduler_QueueRunner->run('WP Cron')
#7 F:\xamm\htdocs\alwaysready\wp-includes\class-wp-hook.php(316): WP_Hook->apply_filters('', Array)
#8 F:\xamm\htdocs\alwaysready\wp-includes\plugin.php(551): WP_Hook->do_action(Array)
#9 F:\xamm\htdocs\alwaysready\wp-cron.php(138): do_action_ref_array('action_schedule...', Array)
#10 {main}
  thrown in F:\xamm\htdocs\alwaysready\wp-includes\class-wp-hook.php on line 292

2021-03-19T15:44:47+00:00 CRITICAL Uncaught Error: Unknown named parameter $tasks_meta_id in F:\xamm\htdocs\alwaysready\wp-includes\class-wp-hook.php:292
Stack trace:
#0 F:\xamm\htdocs\alwaysready\wp-includes\class-wp-hook.php(316): WP_Hook->apply_filters('', Array)
#1 F:\xamm\htdocs\alwaysready\wp-includes\plugin.php(551): WP_Hook->do_action(Array)
#2 F:\xamm\htdocs\alwaysready\wp-content\plugins\woocommerce\packages\action-scheduler\classes\actions\ActionScheduler_Action.php(22): do_action_ref_array('wpforms_admin_n...', Array)
#3 F:\xamm\htdocs\alwaysready\wp-content\plugins\woocommerce\packages\action-scheduler\classes\abstracts\ActionScheduler_Abstract_QueueRunner.php(65): ActionScheduler_Action->execute()
#4 F:\xamm\htdocs\alwaysready\wp-content\plugins\woocommerce\packages\action-scheduler\classes\ActionScheduler_QueueRunner.php(162): ActionScheduler_Abstract_QueueRunner->process_action(26, 'WP Cron')
#5 F:\xamm\htdocs\alwaysready\wp-content\plugins\woocommerce\packages\action-scheduler\classes\ActionScheduler_QueueRunner.php(132): ActionScheduler_QueueRunner->do_batch(25, 'WP Cron')
#6 F:\xamm\htdocs\alwaysready\wp-includes\class-wp-hook.php(292): ActionScheduler_QueueRunner->run('WP Cron')
#7 F:\xamm\htdocs\alwaysready\wp-includes\class-wp-hook.php(316): WP_Hook->apply_filters('', Array)
#8 F:\xamm\htdocs\alwaysready\wp-includes\plugin.php(551): WP_Hook->do_action(Array)
#9 F:\xamm\htdocs\alwaysready\wp-cron.php(138): do_action_ref_array('action_schedule...', Array)
#10 {main}
  thrown in F:\xamm\htdocs\alwaysready\wp-includes\class-wp-hook.php on line 292

2021-03-19T15:45:31+00:00 CRITICAL Uncaught Error: Unknown named parameter $tasks_meta_id in F:\xamm\htdocs\alwaysready\wp-includes\class-wp-hook.php:292
Stack trace:
#0 F:\xamm\htdocs\alwaysready\wp-includes\class-wp-hook.php(316): WP_Hook->apply_filters('', Array)
#1 F:\xamm\htdocs\alwaysready\wp-includes\plugin.php(551): WP_Hook->do_action(Array)
#2 F:\xamm\htdocs\alwaysready\wp-content\plugins\woocommerce\packages\action-scheduler\classes\actions\ActionScheduler_Action.php(22): do_action_ref_array('wpforms_admin_n...', Array)
#3 F:\xamm\htdocs\alwaysready\wp-content\plugins\woocommerce\packages\action-scheduler\classes\abstracts\ActionScheduler_Abstract_QueueRunner.php(65): ActionScheduler_Action->execute()
#4 F:\xamm\htdocs\alwaysready\wp-content\plugins\woocommerce\packages\action-scheduler\classes\ActionScheduler_QueueRunner.php(162): ActionScheduler_Abstract_QueueRunner->process_action(27, 'Async Request')
#5 F:\xamm\htdocs\alwaysready\wp-content\plugins\woocommerce\packages\action-scheduler\classes\ActionScheduler_QueueRunner.php(132): ActionScheduler_QueueRunner->do_batch(25, 'Async Request')
#6 F:\xamm\htdocs\alwaysready\wp-includes\class-wp-hook.php(292): ActionScheduler_QueueRunner->run('Async Request')
#7 F:\xamm\htdocs\alwaysready\wp-includes\class-wp-hook.php(316): WP_Hook->apply_filters('', Array)
#8 F:\xamm\htdocs\alwaysready\wp-includes\plugin.php(484): WP_Hook->do_action(Array)
#9 F:\xamm\htdocs\alwaysready\wp-content\plugins\woocommerce\packages\action-scheduler\classes\ActionScheduler_AsyncRequest_QueueRunner.php(52): do_action('action_schedule...', 'Async Request')
#10 F:\xamm\htdocs\alwaysready\wp-content\plugins\woocommerce\includes\libraries\wp-async-request.php(147): ActionScheduler_AsyncRequest_QueueRunner->handle()
#11 F:\xamm\htdocs\alwaysready\wp-includes\class-wp-hook.php(292): WP_Async_Request->maybe_handle('')
#12 F:\xamm\htdocs\alwaysready\wp-includes\class-wp-hook.php(316): WP_Hook->apply_filters('', Array)
#13 F:\xamm\htdocs\alwaysready\wp-includes\plugin.php(484): WP_Hook->do_action(Array)
#14 F:\xamm\htdocs\alwaysready\wp-admin\admin-ajax.php(187): do_action('wp_ajax_as_asyn...')
#15 {main}
  thrown in F:\xamm\htdocs\alwaysready\wp-includes\class-wp-hook.php on line 292

2021-03-19T15:45:55+00:00 CRITICAL Uncaught Error: Unknown named parameter $tasks_meta_id in F:\xamm\htdocs\alwaysready\wp-includes\class-wp-hook.php:292
Stack trace:
#0 F:\xamm\htdocs\alwaysready\wp-includes\class-wp-hook.php(316): WP_Hook->apply_filters('', Array)
#1 F:\xamm\htdocs\alwaysready\wp-includes\plugin.php(551): WP_Hook->do_action(Array)
#2 F:\xamm\htdocs\alwaysready\wp-content\plugins\woocommerce\packages\action-scheduler\classes\actions\ActionScheduler_Action.php(22): do_action_ref_array('wpforms_admin_n...', Array)
#3 F:\xamm\htdocs\alwaysready\wp-content\plugins\woocommerce\packages\action-scheduler\classes\abstracts\ActionScheduler_Abstract_QueueRunner.php(65): ActionScheduler_Action->execute()
#4 F:\xamm\htdocs\alwaysready\wp-content\plugins\woocommerce\packages\action-scheduler\classes\ActionScheduler_QueueRunner.php(162): ActionScheduler_Abstract_QueueRunner->process_action(28, 'WP Cron')
#5 F:\xamm\htdocs\alwaysready\wp-content\plugins\woocommerce\packages\action-scheduler\classes\ActionScheduler_QueueRunner.php(132): ActionScheduler_QueueRunner->do_batch(25, 'WP Cron')
#6 F:\xamm\htdocs\alwaysready\wp-includes\class-wp-hook.php(292): ActionScheduler_QueueRunner->run('WP Cron')
#7 F:\xamm\htdocs\alwaysready\wp-includes\class-wp-hook.php(316): WP_Hook->apply_filters('', Array)
#8 F:\xamm\htdocs\alwaysready\wp-includes\plugin.php(551): WP_Hook->do_action(Array)
#9 F:\xamm\htdocs\alwaysready\wp-cron.php(138): do_action_ref_array('action_schedule...', Array)
#10 {main}
  thrown in F:\xamm\htdocs\alwaysready\wp-includes\class-wp-hook.php on line 292

2021-03-19T15:46:32+00:00 CRITICAL Uncaught Error: Unknown named parameter $tasks_meta_id in F:\xamm\htdocs\alwaysready\wp-includes\class-wp-hook.php:292
Stack trace:
#0 F:\xamm\htdocs\alwaysready\wp-includes\class-wp-hook.php(316): WP_Hook->apply_filters('', Array)
#1 F:\xamm\htdocs\alwaysready\wp-includes\plugin.php(551): WP_Hook->do_action(Array)
#2 F:\xamm\htdocs\alwaysready\wp-content\plugins\woocommerce\packages\action-scheduler\classes\actions\ActionScheduler_Action.php(22): do_action_ref_array('wpforms_admin_n...', Array)
#3 F:\xamm\htdocs\alwaysready\wp-content\plugins\woocommerce\packages\action-scheduler\classes\abstracts\ActionScheduler_Abstract_QueueRunner.php(65): ActionScheduler_Action->execute()
#4 F:\xamm\htdocs\alwaysready\wp-content\plugins\woocommerce\packages\action-scheduler\classes\ActionScheduler_QueueRunner.php(162): ActionScheduler_Abstract_QueueRunner->process_action(29, 'Async Request')
#5 F:\xamm\htdocs\alwaysready\wp-content\plugins\woocommerce\packages\action-scheduler\classes\ActionScheduler_QueueRunner.php(132): ActionScheduler_QueueRunner->do_batch(25, 'Async Request')
#6 F:\xamm\htdocs\alwaysready\wp-includes\class-wp-hook.php(292): ActionScheduler_QueueRunner->run('Async Request')
#7 F:\xamm\htdocs\alwaysready\wp-includes\class-wp-hook.php(316): WP_Hook->apply_filters('', Array)
#8 F:\xamm\htdocs\alwaysready\wp-includes\plugin.php(484): WP_Hook->do_action(Array)
#9 F:\xamm\htdocs\alwaysready\wp-content\plugins\woocommerce\packages\action-scheduler\classes\ActionScheduler_AsyncRequest_QueueRunner.php(52): do_action('action_schedule...', 'Async Request')
#10 F:\xamm\htdocs\alwaysready\wp-content\plugins\woocommerce\includes\libraries\wp-async-request.php(147): ActionScheduler_AsyncRequest_QueueRunner->handle()
#11 F:\xamm\htdocs\alwaysready\wp-includes\class-wp-hook.php(292): WP_Async_Request->maybe_handle('')
#12 F:\xamm\htdocs\alwaysready\wp-includes\class-wp-hook.php(316): WP_Hook->apply_filters('', Array)
#13 F:\xamm\htdocs\alwaysready\wp-includes\plugin.php(484): WP_Hook->do_action(Array)
#14 F:\xamm\htdocs\alwaysready\wp-admin\admin-ajax.php(187): do_action('wp_ajax_as_asyn...')
#15 {main}
  thrown in F:\xamm\htdocs\alwaysready\wp-includes\class-wp-hook.php on line 292

2021-03-19T15:46:59+00:00 CRITICAL Uncaught Error: Unknown named parameter $tasks_meta_id in F:\xamm\htdocs\alwaysready\wp-includes\class-wp-hook.php:292
Stack trace:
#0 F:\xamm\htdocs\alwaysready\wp-includes\class-wp-hook.php(316): WP_Hook->apply_filters('', Array)
#1 F:\xamm\htdocs\alwaysready\wp-includes\plugin.php(551): WP_Hook->do_action(Array)
#2 F:\xamm\htdocs\alwaysready\wp-content\plugins\woocommerce\packages\action-scheduler\classes\actions\ActionScheduler_Action.php(22): do_action_ref_array('wpforms_admin_n...', Array)
#3 F:\xamm\htdocs\alwaysready\wp-content\plugins\woocommerce\packages\action-scheduler\classes\abstracts\ActionScheduler_Abstract_QueueRunner.php(65): ActionScheduler_Action->execute()
#4 F:\xamm\htdocs\alwaysready\wp-content\plugins\woocommerce\packages\action-scheduler\classes\ActionScheduler_QueueRunner.php(162): ActionScheduler_Abstract_QueueRunner->process_action(30, 'WP Cron')
#5 F:\xamm\htdocs\alwaysready\wp-content\plugins\woocommerce\packages\action-scheduler\classes\ActionScheduler_QueueRunner.php(132): ActionScheduler_QueueRunner->do_batch(25, 'WP Cron')
#6 F:\xamm\htdocs\alwaysready\wp-includes\class-wp-hook.php(292): ActionScheduler_QueueRunner->run('WP Cron')
#7 F:\xamm\htdocs\alwaysready\wp-includes\class-wp-hook.php(316): WP_Hook->apply_filters('', Array)
#8 F:\xamm\htdocs\alwaysready\wp-includes\plugin.php(551): WP_Hook->do_action(Array)
#9 F:\xamm\htdocs\alwaysready\wp-cron.php(138): do_action_ref_array('action_schedule...', Array)
#10 {main}
  thrown in F:\xamm\htdocs\alwaysready\wp-includes\class-wp-hook.php on line 292

2021-03-19T15:47:33+00:00 CRITICAL Uncaught Error: Unknown named parameter $tasks_meta_id in F:\xamm\htdocs\alwaysready\wp-includes\class-wp-hook.php:292
Stack trace:
#0 F:\xamm\htdocs\alwaysready\wp-includes\class-wp-hook.php(316): WP_Hook->apply_filters('', Array)
#1 F:\xamm\htdocs\alwaysready\wp-includes\plugin.php(551): WP_Hook->do_action(Array)
#2 F:\xamm\htdocs\alwaysready\wp-content\plugins\woocommerce\packages\action-scheduler\classes\actions\ActionScheduler_Action.php(22): do_action_ref_array('wpforms_admin_n...', Array)
#3 F:\xamm\htdocs\alwaysready\wp-content\plugins\woocommerce\packages\action-scheduler\classes\abstracts\ActionScheduler_Abstract_QueueRunner.php(65): ActionScheduler_Action->execute()
#4 F:\xamm\htdocs\alwaysready\wp-content\plugins\woocommerce\packages\action-scheduler\classes\ActionScheduler_QueueRunner.php(162): ActionScheduler_Abstract_QueueRunner->process_action(31, 'Async Request')
#5 F:\xamm\htdocs\alwaysready\wp-content\plugins\woocommerce\packages\action-scheduler\classes\ActionScheduler_QueueRunner.php(132): ActionScheduler_QueueRunner->do_batch(25, 'Async Request')
#6 F:\xamm\htdocs\alwaysready\wp-includes\class-wp-hook.php(292): ActionScheduler_QueueRunner->run('Async Request')
#7 F:\xamm\htdocs\alwaysready\wp-includes\class-wp-hook.php(316): WP_Hook->apply_filters('', Array)
#8 F:\xamm\htdocs\alwaysready\wp-includes\plugin.php(484): WP_Hook->do_action(Array)
#9 F:\xamm\htdocs\alwaysready\wp-content\plugins\woocommerce\packages\action-scheduler\classes\ActionScheduler_AsyncRequest_QueueRunner.php(52): do_action('action_schedule...', 'Async Request')
#10 F:\xamm\htdocs\alwaysready\wp-content\plugins\woocommerce\includes\libraries\wp-async-request.php(147): ActionScheduler_AsyncRequest_QueueRunner->handle()
#11 F:\xamm\htdocs\alwaysready\wp-includes\class-wp-hook.php(292): WP_Async_Request->maybe_handle('')
#12 F:\xamm\htdocs\alwaysready\wp-includes\class-wp-hook.php(316): WP_Hook->apply_filters('', Array)
#13 F:\xamm\htdocs\alwaysready\wp-includes\plugin.php(484): WP_Hook->do_action(Array)
#14 F:\xamm\htdocs\alwaysready\wp-admin\admin-ajax.php(187): do_action('wp_ajax_as_asyn...')
#15 {main}
  thrown in F:\xamm\htdocs\alwaysready\wp-includes\class-wp-hook.php on line 292

2021-03-19T15:47:42+00:00 CRITICAL Uncaught Error: Unknown named parameter $tasks_meta_id in F:\xamm\htdocs\alwaysready\wp-includes\class-wp-hook.php:292
Stack trace:
#0 F:\xamm\htdocs\alwaysready\wp-includes\class-wp-hook.php(316): WP_Hook->apply_filters('', Array)
#1 F:\xamm\htdocs\alwaysready\wp-includes\plugin.php(551): WP_Hook->do_action(Array)
#2 F:\xamm\htdocs\alwaysready\wp-content\plugins\woocommerce\packages\action-scheduler\classes\actions\ActionScheduler_Action.php(22): do_action_ref_array('wpforms_admin_n...', Array)
#3 F:\xamm\htdocs\alwaysready\wp-content\plugins\woocommerce\packages\action-scheduler\classes\abstracts\ActionScheduler_Abstract_QueueRunner.php(65): ActionScheduler_Action->execute()
#4 F:\xamm\htdocs\alwaysready\wp-content\plugins\woocommerce\packages\action-scheduler\classes\ActionScheduler_QueueRunner.php(162): ActionScheduler_Abstract_QueueRunner->process_action(32, 'Async Request')
#5 F:\xamm\htdocs\alwaysready\wp-content\plugins\woocommerce\packages\action-scheduler\classes\ActionScheduler_QueueRunner.php(132): ActionScheduler_QueueRunner->do_batch(25, 'Async Request')
#6 F:\xamm\htdocs\alwaysready\wp-includes\class-wp-hook.php(292): ActionScheduler_QueueRunner->run('Async Request')
#7 F:\xamm\htdocs\alwaysready\wp-includes\class-wp-hook.php(316): WP_Hook->apply_filters('', Array)
#8 F:\xamm\htdocs\alwaysready\wp-includes\plugin.php(484): WP_Hook->do_action(Array)
#9 F:\xamm\htdocs\alwaysready\wp-content\plugins\woocommerce\packages\action-scheduler\classes\ActionScheduler_AsyncRequest_QueueRunner.php(52): do_action('action_schedule...', 'Async Request')
#10 F:\xamm\htdocs\alwaysready\wp-content\plugins\woocommerce\includes\libraries\wp-async-request.php(147): ActionScheduler_AsyncRequest_QueueRunner->handle()
#11 F:\xamm\htdocs\alwaysready\wp-includes\class-wp-hook.php(292): WP_Async_Request->maybe_handle('')
#12 F:\xamm\htdocs\alwaysready\wp-includes\class-wp-hook.php(316): WP_Hook->apply_filters('', Array)
#13 F:\xamm\htdocs\alwaysready\wp-includes\plugin.php(484): WP_Hook->do_action(Array)
#14 F:\xamm\htdocs\alwaysready\wp-admin\admin-ajax.php(187): do_action('wp_ajax_as_asyn...')
#15 {main}
  thrown in F:\xamm\htdocs\alwaysready\wp-includes\class-wp-hook.php on line 292

2021-03-19T15:48:44+00:00 CRITICAL Uncaught Error: Unknown named parameter $tasks_meta_id in F:\xamm\htdocs\alwaysready\wp-includes\class-wp-hook.php:292
Stack trace:
#0 F:\xamm\htdocs\alwaysready\wp-includes\class-wp-hook.php(316): WP_Hook->apply_filters('', Array)
#1 F:\xamm\htdocs\alwaysready\wp-includes\plugin.php(551): WP_Hook->do_action(Array)
#2 F:\xamm\htdocs\alwaysready\wp-content\plugins\woocommerce\packages\action-scheduler\classes\actions\ActionScheduler_Action.php(22): do_action_ref_array('wpforms_admin_n...', Array)
#3 F:\xamm\htdocs\alwaysready\wp-content\plugins\woocommerce\packages\action-scheduler\classes\abstracts\ActionScheduler_Abstract_QueueRunner.php(65): ActionScheduler_Action->execute()
#4 F:\xamm\htdocs\alwaysready\wp-content\plugins\woocommerce\packages\action-scheduler\classes\ActionScheduler_QueueRunner.php(162): ActionScheduler_Abstract_QueueRunner->process_action(33, 'Async Request')
#5 F:\xamm\htdocs\alwaysready\wp-content\plugins\woocommerce\packages\action-scheduler\classes\ActionScheduler_QueueRunner.php(132): ActionScheduler_QueueRunner->do_batch(25, 'Async Request')
#6 F:\xamm\htdocs\alwaysready\wp-includes\class-wp-hook.php(292): ActionScheduler_QueueRunner->run('Async Request')
#7 F:\xamm\htdocs\alwaysready\wp-includes\class-wp-hook.php(316): WP_Hook->apply_filters('', Array)
#8 F:\xamm\htdocs\alwaysready\wp-includes\plugin.php(484): WP_Hook->do_action(Array)
#9 F:\xamm\htdocs\alwaysready\wp-content\plugins\woocommerce\packages\action-scheduler\classes\ActionScheduler_AsyncRequest_QueueRunner.php(52): do_action('action_schedule...', 'Async Request')
#10 F:\xamm\htdocs\alwaysready\wp-content\plugins\woocommerce\includes\libraries\wp-async-request.php(147): ActionScheduler_AsyncRequest_QueueRunner->handle()
#11 F:\xamm\htdocs\alwaysready\wp-includes\class-wp-hook.php(292): WP_Async_Request->maybe_handle('')
#12 F:\xamm\htdocs\alwaysready\wp-includes\class-wp-hook.php(316): WP_Hook->apply_filters('', Array)
#13 F:\xamm\htdocs\alwaysready\wp-includes\plugin.php(484): WP_Hook->do_action(Array)
#14 F:\xamm\htdocs\alwaysready\wp-admin\admin-ajax.php(187): do_action('wp_ajax_as_asyn...')
#15 {main}
  thrown in F:\xamm\htdocs\alwaysready\wp-includes\class-wp-hook.php on line 292

2021-03-19T15:49:46+00:00 CRITICAL Uncaught Error: Unknown named parameter $tasks_meta_id in F:\xamm\htdocs\alwaysready\wp-includes\class-wp-hook.php:292
Stack trace:
#0 F:\xamm\htdocs\alwaysready\wp-includes\class-wp-hook.php(316): WP_Hook->apply_filters('', Array)
#1 F:\xamm\htdocs\alwaysready\wp-includes\plugin.php(551): WP_Hook->do_action(Array)
#2 F:\xamm\htdocs\alwaysready\wp-content\plugins\woocommerce\packages\action-scheduler\classes\actions\ActionScheduler_Action.php(22): do_action_ref_array('wpforms_admin_n...', Array)
#3 F:\xamm\htdocs\alwaysready\wp-content\plugins\woocommerce\packages\action-scheduler\classes\abstracts\ActionScheduler_Abstract_QueueRunner.php(65): ActionScheduler_Action->execute()
#4 F:\xamm\htdocs\alwaysready\wp-content\plugins\woocommerce\packages\action-scheduler\classes\ActionScheduler_QueueRunner.php(162): ActionScheduler_Abstract_QueueRunner->process_action(34, 'WP Cron')
#5 F:\xamm\htdocs\alwaysready\wp-content\plugins\woocommerce\packages\action-scheduler\classes\ActionScheduler_QueueRunner.php(132): ActionScheduler_QueueRunner->do_batch(25, 'WP Cron')
#6 F:\xamm\htdocs\alwaysready\wp-includes\class-wp-hook.php(292): ActionScheduler_QueueRunner->run('WP Cron')
#7 F:\xamm\htdocs\alwaysready\wp-includes\class-wp-hook.php(316): WP_Hook->apply_filters('', Array)
#8 F:\xamm\htdocs\alwaysready\wp-includes\plugin.php(551): WP_Hook->do_action(Array)
#9 F:\xamm\htdocs\alwaysready\wp-cron.php(138): do_action_ref_array('action_schedule...', Array)
#10 {main}
  thrown in F:\xamm\htdocs\alwaysready\wp-includes\class-wp-hook.php on line 292

2021-03-19T15:50:51+00:00 CRITICAL Uncaught Error: Unknown named parameter $tasks_meta_id in F:\xamm\htdocs\alwaysready\wp-includes\class-wp-hook.php:292
Stack trace:
#0 F:\xamm\htdocs\alwaysready\wp-includes\class-wp-hook.php(316): WP_Hook->apply_filters('', Array)
#1 F:\xamm\htdocs\alwaysready\wp-includes\plugin.php(551): WP_Hook->do_action(Array)
#2 F:\xamm\htdocs\alwaysready\wp-content\plugins\woocommerce\packages\action-scheduler\classes\actions\ActionScheduler_Action.php(22): do_action_ref_array('wpforms_admin_n...', Array)
#3 F:\xamm\htdocs\alwaysready\wp-content\plugins\woocommerce\packages\action-scheduler\classes\abstracts\ActionScheduler_Abstract_QueueRunner.php(65): ActionScheduler_Action->execute()
#4 F:\xamm\htdocs\alwaysready\wp-content\plugins\woocommerce\packages\action-scheduler\classes\ActionScheduler_QueueRunner.php(162): ActionScheduler_Abstract_QueueRunner->process_action(35, 'WP Cron')
#5 F:\xamm\htdocs\alwaysready\wp-content\plugins\woocommerce\packages\action-scheduler\classes\ActionScheduler_QueueRunner.php(132): ActionScheduler_QueueRunner->do_batch(25, 'WP Cron')
#6 F:\xamm\htdocs\alwaysready\wp-includes\class-wp-hook.php(292): ActionScheduler_QueueRunner->run('WP Cron')
#7 F:\xamm\htdocs\alwaysready\wp-includes\class-wp-hook.php(316): WP_Hook->apply_filters('', Array)
#8 F:\xamm\htdocs\alwaysready\wp-includes\plugin.php(551): WP_Hook->do_action(Array)
#9 F:\xamm\htdocs\alwaysready\wp-cron.php(138): do_action_ref_array('action_schedule...', Array)
#10 {main}
  thrown in F:\xamm\htdocs\alwaysready\wp-includes\class-wp-hook.php on line 292

2021-03-19T15:52:49+00:00 CRITICAL Uncaught Error: Unknown named parameter $tasks_meta_id in F:\xamm\htdocs\alwaysready\wp-includes\class-wp-hook.php:292
Stack trace:
#0 F:\xamm\htdocs\alwaysready\wp-includes\class-wp-hook.php(316): WP_Hook->apply_filters('', Array)
#1 F:\xamm\htdocs\alwaysready\wp-includes\plugin.php(551): WP_Hook->do_action(Array)
#2 F:\xamm\htdocs\alwaysready\wp-content\plugins\woocommerce\packages\action-scheduler\classes\actions\ActionScheduler_Action.php(22): do_action_ref_array('wpforms_admin_n...', Array)
#3 F:\xamm\htdocs\alwaysready\wp-content\plugins\woocommerce\packages\action-scheduler\classes\abstracts\ActionScheduler_Abstract_QueueRunner.php(65): ActionScheduler_Action->execute()
#4 F:\xamm\htdocs\alwaysready\wp-content\plugins\woocommerce\packages\action-scheduler\classes\ActionScheduler_QueueRunner.php(162): ActionScheduler_Abstract_QueueRunner->process_action(36, 'WP Cron')
#5 F:\xamm\htdocs\alwaysready\wp-content\plugins\woocommerce\packages\action-scheduler\classes\ActionScheduler_QueueRunner.php(132): ActionScheduler_QueueRunner->do_batch(25, 'WP Cron')
#6 F:\xamm\htdocs\alwaysready\wp-includes\class-wp-hook.php(292): ActionScheduler_QueueRunner->run('WP Cron')
#7 F:\xamm\htdocs\alwaysready\wp-includes\class-wp-hook.php(316): WP_Hook->apply_filters('', Array)
#8 F:\xamm\htdocs\alwaysready\wp-includes\plugin.php(551): WP_Hook->do_action(Array)
#9 F:\xamm\htdocs\alwaysready\wp-cron.php(138): do_action_ref_array('action_schedule...', Array)
#10 {main}
  thrown in F:\xamm\htdocs\alwaysready\wp-includes\class-wp-hook.php on line 292

2021-03-19T15:53:14+00:00 CRITICAL Uncaught Error: Unknown named parameter $tasks_meta_id in F:\xamm\htdocs\alwaysready\wp-includes\class-wp-hook.php:292
Stack trace:
#0 F:\xamm\htdocs\alwaysready\wp-includes\class-wp-hook.php(316): WP_Hook->apply_filters('', Array)
#1 F:\xamm\htdocs\alwaysready\wp-includes\plugin.php(551): WP_Hook->do_action(Array)
#2 F:\xamm\htdocs\alwaysready\wp-content\plugins\woocommerce\packages\action-scheduler\classes\actions\ActionScheduler_Action.php(22): do_action_ref_array('wpforms_admin_n...', Array)
#3 F:\xamm\htdocs\alwaysready\wp-content\plugins\woocommerce\packages\action-scheduler\classes\abstracts\ActionScheduler_Abstract_QueueRunner.php(65): ActionScheduler_Action->execute()
#4 F:\xamm\htdocs\alwaysready\wp-content\plugins\woocommerce\packages\action-scheduler\classes\ActionScheduler_QueueRunner.php(162): ActionScheduler_Abstract_QueueRunner->process_action(37, 'Async Request')
#5 F:\xamm\htdocs\alwaysready\wp-content\plugins\woocommerce\packages\action-scheduler\classes\ActionScheduler_QueueRunner.php(132): ActionScheduler_QueueRunner->do_batch(25, 'Async Request')
#6 F:\xamm\htdocs\alwaysready\wp-includes\class-wp-hook.php(292): ActionScheduler_QueueRunner->run('Async Request')
#7 F:\xamm\htdocs\alwaysready\wp-includes\class-wp-hook.php(316): WP_Hook->apply_filters('', Array)
#8 F:\xamm\htdocs\alwaysready\wp-includes\plugin.php(484): WP_Hook->do_action(Array)
#9 F:\xamm\htdocs\alwaysready\wp-content\plugins\woocommerce\packages\action-scheduler\classes\ActionScheduler_AsyncRequest_QueueRunner.php(52): do_action('action_schedule...', 'Async Request')
#10 F:\xamm\htdocs\alwaysready\wp-content\plugins\woocommerce\includes\libraries\wp-async-request.php(147): ActionScheduler_AsyncRequest_QueueRunner->handle()
#11 F:\xamm\htdocs\alwaysready\wp-includes\class-wp-hook.php(292): WP_Async_Request->maybe_handle('')
#12 F:\xamm\htdocs\alwaysready\wp-includes\class-wp-hook.php(316): WP_Hook->apply_filters('', Array)
#13 F:\xamm\htdocs\alwaysready\wp-includes\plugin.php(484): WP_Hook->do_action(Array)
#14 F:\xamm\htdocs\alwaysready\wp-admin\admin-ajax.php(187): do_action('wp_ajax_as_asyn...')
#15 {main}
  thrown in F:\xamm\htdocs\alwaysready\wp-includes\class-wp-hook.php on line 292

2021-03-19T15:53:20+00:00 CRITICAL Uncaught Error: Unknown named parameter $tasks_meta_id in F:\xamm\htdocs\alwaysready\wp-includes\class-wp-hook.php:292
Stack trace:
#0 F:\xamm\htdocs\alwaysready\wp-includes\class-wp-hook.php(316): WP_Hook->apply_filters('', Array)
#1 F:\xamm\htdocs\alwaysready\wp-includes\plugin.php(551): WP_Hook->do_action(Array)
#2 F:\xamm\htdocs\alwaysready\wp-content\plugins\woocommerce\packages\action-scheduler\classes\actions\ActionScheduler_Action.php(22): do_action_ref_array('wpforms_admin_n...', Array)
#3 F:\xamm\htdocs\alwaysready\wp-content\plugins\woocommerce\packages\action-scheduler\classes\abstracts\ActionScheduler_Abstract_QueueRunner.php(65): ActionScheduler_Action->execute()
#4 F:\xamm\htdocs\alwaysready\wp-content\plugins\woocommerce\packages\action-scheduler\classes\ActionScheduler_QueueRunner.php(162): ActionScheduler_Abstract_QueueRunner->process_action(38, 'Async Request')
#5 F:\xamm\htdocs\alwaysready\wp-content\plugins\woocommerce\packages\action-scheduler\classes\ActionScheduler_QueueRunner.php(132): ActionScheduler_QueueRunner->do_batch(25, 'Async Request')
#6 F:\xamm\htdocs\alwaysready\wp-includes\class-wp-hook.php(292): ActionScheduler_QueueRunner->run('Async Request')
#7 F:\xamm\htdocs\alwaysready\wp-includes\class-wp-hook.php(316): WP_Hook->apply_filters('', Array)
#8 F:\xamm\htdocs\alwaysready\wp-includes\plugin.php(484): WP_Hook->do_action(Array)
#9 F:\xamm\htdocs\alwaysready\wp-content\plugins\woocommerce\packages\action-scheduler\classes\ActionScheduler_AsyncRequest_QueueRunner.php(52): do_action('action_schedule...', 'Async Request')
#10 F:\xamm\htdocs\alwaysready\wp-content\plugins\woocommerce\includes\libraries\wp-async-request.php(147): ActionScheduler_AsyncRequest_QueueRunner->handle()
#11 F:\xamm\htdocs\alwaysready\wp-includes\class-wp-hook.php(292): WP_Async_Request->maybe_handle('')
#12 F:\xamm\htdocs\alwaysready\wp-includes\class-wp-hook.php(316): WP_Hook->apply_filters('', Array)
#13 F:\xamm\htdocs\alwaysready\wp-includes\plugin.php(484): WP_Hook->do_action(Array)
#14 F:\xamm\htdocs\alwaysready\wp-admin\admin-ajax.php(187): do_action('wp_ajax_as_asyn...')
#15 {main}
  thrown in F:\xamm\htdocs\alwaysready\wp-includes\class-wp-hook.php on line 292

2021-03-19T15:53:53+00:00 CRITICAL Uncaught Error: Unknown named parameter $tasks_meta_id in F:\xamm\htdocs\alwaysready\wp-includes\class-wp-hook.php:292
Stack trace:
#0 F:\xamm\htdocs\alwaysready\wp-includes\class-wp-hook.php(316): WP_Hook->apply_filters('', Array)
#1 F:\xamm\htdocs\alwaysready\wp-includes\plugin.php(551): WP_Hook->do_action(Array)
#2 F:\xamm\htdocs\alwaysready\wp-content\plugins\woocommerce\packages\action-scheduler\classes\actions\ActionScheduler_Action.php(22): do_action_ref_array('wpforms_admin_n...', Array)
#3 F:\xamm\htdocs\alwaysready\wp-content\plugins\woocommerce\packages\action-scheduler\classes\abstracts\ActionScheduler_Abstract_QueueRunner.php(65): ActionScheduler_Action->execute()
#4 F:\xamm\htdocs\alwaysready\wp-content\plugins\woocommerce\packages\action-scheduler\classes\ActionScheduler_QueueRunner.php(162): ActionScheduler_Abstract_QueueRunner->process_action(39, 'WP Cron')
#5 F:\xamm\htdocs\alwaysready\wp-content\plugins\woocommerce\packages\action-scheduler\classes\ActionScheduler_QueueRunner.php(132): ActionScheduler_QueueRunner->do_batch(25, 'WP Cron')
#6 F:\xamm\htdocs\alwaysready\wp-includes\class-wp-hook.php(292): ActionScheduler_QueueRunner->run('WP Cron')
#7 F:\xamm\htdocs\alwaysready\wp-includes\class-wp-hook.php(316): WP_Hook->apply_filters('', Array)
#8 F:\xamm\htdocs\alwaysready\wp-includes\plugin.php(551): WP_Hook->do_action(Array)
#9 F:\xamm\htdocs\alwaysready\wp-cron.php(138): do_action_ref_array('action_schedule...', Array)
#10 {main}
  thrown in F:\xamm\htdocs\alwaysready\wp-includes\class-wp-hook.php on line 292

2021-03-19T15:54:20+00:00 CRITICAL Uncaught Error: Unknown named parameter $tasks_meta_id in F:\xamm\htdocs\alwaysready\wp-includes\class-wp-hook.php:292
Stack trace:
#0 F:\xamm\htdocs\alwaysready\wp-includes\class-wp-hook.php(316): WP_Hook->apply_filters('', Array)
#1 F:\xamm\htdocs\alwaysready\wp-includes\plugin.php(551): WP_Hook->do_action(Array)
#2 F:\xamm\htdocs\alwaysready\wp-content\plugins\woocommerce\packages\action-scheduler\classes\actions\ActionScheduler_Action.php(22): do_action_ref_array('wpforms_admin_n...', Array)
#3 F:\xamm\htdocs\alwaysready\wp-content\plugins\woocommerce\packages\action-scheduler\classes\abstracts\ActionScheduler_Abstract_QueueRunner.php(65): ActionScheduler_Action->execute()
#4 F:\xamm\htdocs\alwaysready\wp-content\plugins\woocommerce\packages\action-scheduler\classes\ActionScheduler_QueueRunner.php(162): ActionScheduler_Abstract_QueueRunner->process_action(40, 'Async Request')
#5 F:\xamm\htdocs\alwaysready\wp-content\plugins\woocommerce\packages\action-scheduler\classes\ActionScheduler_QueueRunner.php(132): ActionScheduler_QueueRunner->do_batch(25, 'Async Request')
#6 F:\xamm\htdocs\alwaysready\wp-includes\class-wp-hook.php(292): ActionScheduler_QueueRunner->run('Async Request')
#7 F:\xamm\htdocs\alwaysready\wp-includes\class-wp-hook.php(316): WP_Hook->apply_filters('', Array)
#8 F:\xamm\htdocs\alwaysready\wp-includes\plugin.php(484): WP_Hook->do_action(Array)
#9 F:\xamm\htdocs\alwaysready\wp-content\plugins\woocommerce\packages\action-scheduler\classes\ActionScheduler_AsyncRequest_QueueRunner.php(52): do_action('action_schedule...', 'Async Request')
#10 F:\xamm\htdocs\alwaysready\wp-content\plugins\woocommerce\includes\libraries\wp-async-request.php(147): ActionScheduler_AsyncRequest_QueueRunner->handle()
#11 F:\xamm\htdocs\alwaysready\wp-includes\class-wp-hook.php(292): WP_Async_Request->maybe_handle('')
#12 F:\xamm\htdocs\alwaysready\wp-includes\class-wp-hook.php(316): WP_Hook->apply_filters('', Array)
#13 F:\xamm\htdocs\alwaysready\wp-includes\plugin.php(484): WP_Hook->do_action(Array)
#14 F:\xamm\htdocs\alwaysready\wp-admin\admin-ajax.php(187): do_action('wp_ajax_as_asyn...')
#15 {main}
  thrown in F:\xamm\htdocs\alwaysready\wp-includes\class-wp-hook.php on line 292

2021-03-19T15:55:25+00:00 CRITICAL Uncaught Error: Unknown named parameter $tasks_meta_id in F:\xamm\htdocs\alwaysready\wp-includes\class-wp-hook.php:292
Stack trace:
#0 F:\xamm\htdocs\alwaysready\wp-includes\class-wp-hook.php(316): WP_Hook->apply_filters('', Array)
#1 F:\xamm\htdocs\alwaysready\wp-includes\plugin.php(551): WP_Hook->do_action(Array)
#2 F:\xamm\htdocs\alwaysready\wp-content\plugins\woocommerce\packages\action-scheduler\classes\actions\ActionScheduler_Action.php(22): do_action_ref_array('wpforms_admin_n...', Array)
#3 F:\xamm\htdocs\alwaysready\wp-content\plugins\woocommerce\packages\action-scheduler\classes\abstracts\ActionScheduler_Abstract_QueueRunner.php(65): ActionScheduler_Action->execute()
#4 F:\xamm\htdocs\alwaysready\wp-content\plugins\woocommerce\packages\action-scheduler\classes\ActionScheduler_QueueRunner.php(162): ActionScheduler_Abstract_QueueRunner->process_action(41, 'Async Request')
#5 F:\xamm\htdocs\alwaysready\wp-content\plugins\woocommerce\packages\action-scheduler\classes\ActionScheduler_QueueRunner.php(132): ActionScheduler_QueueRunner->do_batch(25, 'Async Request')
#6 F:\xamm\htdocs\alwaysready\wp-includes\class-wp-hook.php(292): ActionScheduler_QueueRunner->run('Async Request')
#7 F:\xamm\htdocs\alwaysready\wp-includes\class-wp-hook.php(316): WP_Hook->apply_filters('', Array)
#8 F:\xamm\htdocs\alwaysready\wp-includes\plugin.php(484): WP_Hook->do_action(Array)
#9 F:\xamm\htdocs\alwaysready\wp-content\plugins\woocommerce\packages\action-scheduler\classes\ActionScheduler_AsyncRequest_QueueRunner.php(52): do_action('action_schedule...', 'Async Request')
#10 F:\xamm\htdocs\alwaysready\wp-content\plugins\woocommerce\includes\libraries\wp-async-request.php(147): ActionScheduler_AsyncRequest_QueueRunner->handle()
#11 F:\xamm\htdocs\alwaysready\wp-includes\class-wp-hook.php(292): WP_Async_Request->maybe_handle('')
#12 F:\xamm\htdocs\alwaysready\wp-includes\class-wp-hook.php(316): WP_Hook->apply_filters('', Array)
#13 F:\xamm\htdocs\alwaysready\wp-includes\plugin.php(484): WP_Hook->do_action(Array)
#14 F:\xamm\htdocs\alwaysready\wp-admin\admin-ajax.php(187): do_action('wp_ajax_as_asyn...')
#15 {main}
  thrown in F:\xamm\htdocs\alwaysready\wp-includes\class-wp-hook.php on line 292

2021-03-19T15:55:51+00:00 CRITICAL Uncaught Error: Unknown named parameter $tasks_meta_id in F:\xamm\htdocs\alwaysready\wp-includes\class-wp-hook.php:292
Stack trace:
#0 F:\xamm\htdocs\alwaysready\wp-includes\class-wp-hook.php(316): WP_Hook->apply_filters('', Array)
#1 F:\xamm\htdocs\alwaysready\wp-includes\plugin.php(551): WP_Hook->do_action(Array)
#2 F:\xamm\htdocs\alwaysready\wp-content\plugins\woocommerce\packages\action-scheduler\classes\actions\ActionScheduler_Action.php(22): do_action_ref_array('wpforms_admin_n...', Array)
#3 F:\xamm\htdocs\alwaysready\wp-content\plugins\woocommerce\packages\action-scheduler\classes\abstracts\ActionScheduler_Abstract_QueueRunner.php(65): ActionScheduler_Action->execute()
#4 F:\xamm\htdocs\alwaysready\wp-content\plugins\woocommerce\packages\action-scheduler\classes\ActionScheduler_QueueRunner.php(162): ActionScheduler_Abstract_QueueRunner->process_action(42, 'WP Cron')
#5 F:\xamm\htdocs\alwaysready\wp-content\plugins\woocommerce\packages\action-scheduler\classes\ActionScheduler_QueueRunner.php(132): ActionScheduler_QueueRunner->do_batch(25, 'WP Cron')
#6 F:\xamm\htdocs\alwaysready\wp-includes\class-wp-hook.php(292): ActionScheduler_QueueRunner->run('WP Cron')
#7 F:\xamm\htdocs\alwaysready\wp-includes\class-wp-hook.php(316): WP_Hook->apply_filters('', Array)
#8 F:\xamm\htdocs\alwaysready\wp-includes\plugin.php(551): WP_Hook->do_action(Array)
#9 F:\xamm\htdocs\alwaysready\wp-cron.php(138): do_action_ref_array('action_schedule...', Array)
#10 {main}
  thrown in F:\xamm\htdocs\alwaysready\wp-includes\class-wp-hook.php on line 292

2021-03-19T17:55:18+00:00 CRITICAL Uncaught Error: Unknown named parameter $tasks_meta_id in F:\xamm\htdocs\alwaysready\wp-includes\class-wp-hook.php:292
Stack trace:
#0 F:\xamm\htdocs\alwaysready\wp-includes\class-wp-hook.php(316): WP_Hook->apply_filters('', Array)
#1 F:\xamm\htdocs\alwaysready\wp-includes\plugin.php(551): WP_Hook->do_action(Array)
#2 F:\xamm\htdocs\alwaysready\wp-content\plugins\woocommerce\packages\action-scheduler\classes\actions\ActionScheduler_Action.php(22): do_action_ref_array('wpforms_admin_n...', Array)
#3 F:\xamm\htdocs\alwaysready\wp-content\plugins\woocommerce\packages\action-scheduler\classes\abstracts\ActionScheduler_Abstract_QueueRunner.php(65): ActionScheduler_Action->execute()
#4 F:\xamm\htdocs\alwaysready\wp-content\plugins\woocommerce\packages\action-scheduler\classes\ActionScheduler_QueueRunner.php(162): ActionScheduler_Abstract_QueueRunner->process_action(43, 'WP Cron')
#5 F:\xamm\htdocs\alwaysready\wp-content\plugins\woocommerce\packages\action-scheduler\classes\ActionScheduler_QueueRunner.php(132): ActionScheduler_QueueRunner->do_batch(25, 'WP Cron')
#6 F:\xamm\htdocs\alwaysready\wp-includes\class-wp-hook.php(292): ActionScheduler_QueueRunner->run('WP Cron')
#7 F:\xamm\htdocs\alwaysready\wp-includes\class-wp-hook.php(316): WP_Hook->apply_filters('', Array)
#8 F:\xamm\htdocs\alwaysready\wp-includes\plugin.php(551): WP_Hook->do_action(Array)
#9 F:\xamm\htdocs\alwaysready\wp-cron.php(138): do_action_ref_array('action_schedule...', Array)
#10 {main}
  thrown in F:\xamm\htdocs\alwaysready\wp-includes\class-wp-hook.php on line 292

2021-03-19T17:55:41+00:00 CRITICAL Uncaught Error: Unknown named parameter $tasks_meta_id in F:\xamm\htdocs\alwaysready\wp-includes\class-wp-hook.php:292
Stack trace:
#0 F:\xamm\htdocs\alwaysready\wp-includes\class-wp-hook.php(316): WP_Hook->apply_filters('', Array)
#1 F:\xamm\htdocs\alwaysready\wp-includes\plugin.php(551): WP_Hook->do_action(Array)
#2 F:\xamm\htdocs\alwaysready\wp-content\plugins\woocommerce\packages\action-scheduler\classes\actions\ActionScheduler_Action.php(22): do_action_ref_array('wpforms_admin_n...', Array)
#3 F:\xamm\htdocs\alwaysready\wp-content\plugins\woocommerce\packages\action-scheduler\classes\abstracts\ActionScheduler_Abstract_QueueRunner.php(65): ActionScheduler_Action->execute()
#4 F:\xamm\htdocs\alwaysready\wp-content\plugins\woocommerce\packages\action-scheduler\classes\ActionScheduler_QueueRunner.php(162): ActionScheduler_Abstract_QueueRunner->process_action(44, 'Async Request')
#5 F:\xamm\htdocs\alwaysready\wp-content\plugins\woocommerce\packages\action-scheduler\classes\ActionScheduler_QueueRunner.php(132): ActionScheduler_QueueRunner->do_batch(25, 'Async Request')
#6 F:\xamm\htdocs\alwaysready\wp-includes\class-wp-hook.php(292): ActionScheduler_QueueRunner->run('Async Request')
#7 F:\xamm\htdocs\alwaysready\wp-includes\class-wp-hook.php(316): WP_Hook->apply_filters('', Array)
#8 F:\xamm\htdocs\alwaysready\wp-includes\plugin.php(484): WP_Hook->do_action(Array)
#9 F:\xamm\htdocs\alwaysready\wp-content\plugins\woocommerce\packages\action-scheduler\classes\ActionScheduler_AsyncRequest_QueueRunner.php(52): do_action('action_schedule...', 'Async Request')
#10 F:\xamm\htdocs\alwaysready\wp-content\plugins\woocommerce\includes\libraries\wp-async-request.php(147): ActionScheduler_AsyncRequest_QueueRunner->handle()
#11 F:\xamm\htdocs\alwaysready\wp-includes\class-wp-hook.php(292): WP_Async_Request->maybe_handle('')
#12 F:\xamm\htdocs\alwaysready\wp-includes\class-wp-hook.php(316): WP_Hook->apply_filters('', Array)
#13 F:\xamm\htdocs\alwaysready\wp-includes\plugin.php(484): WP_Hook->do_action(Array)
#14 F:\xamm\htdocs\alwaysready\wp-admin\admin-ajax.php(187): do_action('wp_ajax_as_asyn...')
#15 {main}
  thrown in F:\xamm\htdocs\alwaysready\wp-includes\class-wp-hook.php on line 292

2021-03-19T18:52:56+00:00 CRITICAL Uncaught Error: Unknown named parameter $tasks_meta_id in F:\xamm\htdocs\alwaysready\wp-includes\class-wp-hook.php:292
Stack trace:
#0 F:\xamm\htdocs\alwaysready\wp-includes\class-wp-hook.php(316): WP_Hook->apply_filters('', Array)
#1 F:\xamm\htdocs\alwaysready\wp-includes\plugin.php(551): WP_Hook->do_action(Array)
#2 F:\xamm\htdocs\alwaysready\wp-content\plugins\woocommerce\packages\action-scheduler\classes\actions\ActionScheduler_Action.php(22): do_action_ref_array('wpforms_admin_n...', Array)
#3 F:\xamm\htdocs\alwaysready\wp-content\plugins\woocommerce\packages\action-scheduler\classes\abstracts\ActionScheduler_Abstract_QueueRunner.php(65): ActionScheduler_Action->execute()
#4 F:\xamm\htdocs\alwaysready\wp-content\plugins\woocommerce\packages\action-scheduler\classes\ActionScheduler_QueueRunner.php(162): ActionScheduler_Abstract_QueueRunner->process_action(45, 'WP Cron')
#5 F:\xamm\htdocs\alwaysready\wp-content\plugins\woocommerce\packages\action-scheduler\classes\ActionScheduler_QueueRunner.php(132): ActionScheduler_QueueRunner->do_batch(25, 'WP Cron')
#6 F:\xamm\htdocs\alwaysready\wp-includes\class-wp-hook.php(292): ActionScheduler_QueueRunner->run('WP Cron')
#7 F:\xamm\htdocs\alwaysready\wp-includes\class-wp-hook.php(316): WP_Hook->apply_filters('', Array)
#8 F:\xamm\htdocs\alwaysready\wp-includes\plugin.php(551): WP_Hook->do_action(Array)
#9 F:\xamm\htdocs\alwaysready\wp-cron.php(138): do_action_ref_array('action_schedule...', Array)
#10 {main}
  thrown in F:\xamm\htdocs\alwaysready\wp-includes\class-wp-hook.php on line 292

2021-03-19T18:54:01+00:00 CRITICAL Uncaught Error: Unknown named parameter $tasks_meta_id in F:\xamm\htdocs\alwaysready\wp-includes\class-wp-hook.php:292
Stack trace:
#0 F:\xamm\htdocs\alwaysready\wp-includes\class-wp-hook.php(316): WP_Hook->apply_filters('', Array)
#1 F:\xamm\htdocs\alwaysready\wp-includes\plugin.php(551): WP_Hook->do_action(Array)
#2 F:\xamm\htdocs\alwaysready\wp-content\plugins\woocommerce\packages\action-scheduler\classes\actions\ActionScheduler_Action.php(22): do_action_ref_array('wpforms_admin_n...', Array)
#3 F:\xamm\htdocs\alwaysready\wp-content\plugins\woocommerce\packages\action-scheduler\classes\abstracts\ActionScheduler_Abstract_QueueRunner.php(65): ActionScheduler_Action->execute()
#4 F:\xamm\htdocs\alwaysready\wp-content\plugins\woocommerce\packages\action-scheduler\classes\ActionScheduler_QueueRunner.php(162): ActionScheduler_Abstract_QueueRunner->process_action(46, 'WP Cron')
#5 F:\xamm\htdocs\alwaysready\wp-content\plugins\woocommerce\packages\action-scheduler\classes\ActionScheduler_QueueRunner.php(132): ActionScheduler_QueueRunner->do_batch(25, 'WP Cron')
#6 F:\xamm\htdocs\alwaysready\wp-includes\class-wp-hook.php(292): ActionScheduler_QueueRunner->run('WP Cron')
#7 F:\xamm\htdocs\alwaysready\wp-includes\class-wp-hook.php(316): WP_Hook->apply_filters('', Array)
#8 F:\xamm\htdocs\alwaysready\wp-includes\plugin.php(551): WP_Hook->do_action(Array)
#9 F:\xamm\htdocs\alwaysready\wp-cron.php(138): do_action_ref_array('action_schedule...', Array)
#10 {main}
  thrown in F:\xamm\htdocs\alwaysready\wp-includes\class-wp-hook.php on line 292

2021-03-19T18:55:51+00:00 CRITICAL Uncaught Error: Unknown named parameter $tasks_meta_id in F:\xamm\htdocs\alwaysready\wp-includes\class-wp-hook.php:292
Stack trace:
#0 F:\xamm\htdocs\alwaysready\wp-includes\class-wp-hook.php(316): WP_Hook->apply_filters('', Array)
#1 F:\xamm\htdocs\alwaysready\wp-includes\plugin.php(551): WP_Hook->do_action(Array)
#2 F:\xamm\htdocs\alwaysready\wp-content\plugins\woocommerce\packages\action-scheduler\classes\actions\ActionScheduler_Action.php(22): do_action_ref_array('wpforms_admin_n...', Array)
#3 F:\xamm\htdocs\alwaysready\wp-content\plugins\woocommerce\packages\action-scheduler\classes\abstracts\ActionScheduler_Abstract_QueueRunner.php(65): ActionScheduler_Action->execute()
#4 F:\xamm\htdocs\alwaysready\wp-content\plugins\woocommerce\packages\action-scheduler\classes\ActionScheduler_QueueRunner.php(162): ActionScheduler_Abstract_QueueRunner->process_action(47, 'WP Cron')
#5 F:\xamm\htdocs\alwaysready\wp-content\plugins\woocommerce\packages\action-scheduler\classes\ActionScheduler_QueueRunner.php(132): ActionScheduler_QueueRunner->do_batch(25, 'WP Cron')
#6 F:\xamm\htdocs\alwaysready\wp-includes\class-wp-hook.php(292): ActionScheduler_QueueRunner->run('WP Cron')
#7 F:\xamm\htdocs\alwaysready\wp-includes\class-wp-hook.php(316): WP_Hook->apply_filters('', Array)
#8 F:\xamm\htdocs\alwaysready\wp-includes\plugin.php(551): WP_Hook->do_action(Array)
#9 F:\xamm\htdocs\alwaysready\wp-cron.php(138): do_action_ref_array('action_schedule...', Array)
#10 {main}
  thrown in F:\xamm\htdocs\alwaysready\wp-includes\class-wp-hook.php on line 292

2021-03-19T18:56:01+00:00 CRITICAL Uncaught Error: Unknown named parameter $tasks_meta_id in F:\xamm\htdocs\alwaysready\wp-includes\class-wp-hook.php:292
Stack trace:
#0 F:\xamm\htdocs\alwaysready\wp-includes\class-wp-hook.php(316): WP_Hook->apply_filters('', Array)
#1 F:\xamm\htdocs\alwaysready\wp-includes\plugin.php(551): WP_Hook->do_action(Array)
#2 F:\xamm\htdocs\alwaysready\wp-content\plugins\woocommerce\packages\action-scheduler\classes\actions\ActionScheduler_Action.php(22): do_action_ref_array('wpforms_admin_n...', Array)
#3 F:\xamm\htdocs\alwaysready\wp-content\plugins\woocommerce\packages\action-scheduler\classes\abstracts\ActionScheduler_Abstract_QueueRunner.php(65): ActionScheduler_Action->execute()
#4 F:\xamm\htdocs\alwaysready\wp-content\plugins\woocommerce\packages\action-scheduler\classes\ActionScheduler_QueueRunner.php(162): ActionScheduler_Abstract_QueueRunner->process_action(48, 'Async Request')
#5 F:\xamm\htdocs\alwaysready\wp-content\plugins\woocommerce\packages\action-scheduler\classes\ActionScheduler_QueueRunner.php(132): ActionScheduler_QueueRunner->do_batch(25, 'Async Request')
#6 F:\xamm\htdocs\alwaysready\wp-includes\class-wp-hook.php(292): ActionScheduler_QueueRunner->run('Async Request')
#7 F:\xamm\htdocs\alwaysready\wp-includes\class-wp-hook.php(316): WP_Hook->apply_filters('', Array)
#8 F:\xamm\htdocs\alwaysready\wp-includes\plugin.php(484): WP_Hook->do_action(Array)
#9 F:\xamm\htdocs\alwaysready\wp-content\plugins\woocommerce\packages\action-scheduler\classes\ActionScheduler_AsyncRequest_QueueRunner.php(52): do_action('action_schedule...', 'Async Request')
#10 F:\xamm\htdocs\alwaysready\wp-content\plugins\woocommerce\includes\libraries\wp-async-request.php(147): ActionScheduler_AsyncRequest_QueueRunner->handle()
#11 F:\xamm\htdocs\alwaysready\wp-includes\class-wp-hook.php(292): WP_Async_Request->maybe_handle('')
#12 F:\xamm\htdocs\alwaysready\wp-includes\class-wp-hook.php(316): WP_Hook->apply_filters('', Array)
#13 F:\xamm\htdocs\alwaysready\wp-includes\plugin.php(484): WP_Hook->do_action(Array)
#14 F:\xamm\htdocs\alwaysready\wp-admin\admin-ajax.php(187): do_action('wp_ajax_as_asyn...')
#15 {main}
  thrown in F:\xamm\htdocs\alwaysready\wp-includes\class-wp-hook.php on line 292

2021-03-19T19:20:52+00:00 CRITICAL Uncaught Error: Unknown named parameter $tasks_meta_id in F:\xamm\htdocs\alwaysready\wp-includes\class-wp-hook.php:292
Stack trace:
#0 F:\xamm\htdocs\alwaysready\wp-includes\class-wp-hook.php(316): WP_Hook->apply_filters('', Array)
#1 F:\xamm\htdocs\alwaysready\wp-includes\plugin.php(551): WP_Hook->do_action(Array)
#2 F:\xamm\htdocs\alwaysready\wp-content\plugins\woocommerce\packages\action-scheduler\classes\actions\ActionScheduler_Action.php(22): do_action_ref_array('wpforms_admin_n...', Array)
#3 F:\xamm\htdocs\alwaysready\wp-content\plugins\woocommerce\packages\action-scheduler\classes\abstracts\ActionScheduler_Abstract_QueueRunner.php(65): ActionScheduler_Action->execute()
#4 F:\xamm\htdocs\alwaysready\wp-content\plugins\woocommerce\packages\action-scheduler\classes\ActionScheduler_QueueRunner.php(162): ActionScheduler_Abstract_QueueRunner->process_action(49, 'WP Cron')
#5 F:\xamm\htdocs\alwaysready\wp-content\plugins\woocommerce\packages\action-scheduler\classes\ActionScheduler_QueueRunner.php(132): ActionScheduler_QueueRunner->do_batch(25, 'WP Cron')
#6 F:\xamm\htdocs\alwaysready\wp-includes\class-wp-hook.php(292): ActionScheduler_QueueRunner->run('WP Cron')
#7 F:\xamm\htdocs\alwaysready\wp-includes\class-wp-hook.php(316): WP_Hook->apply_filters('', Array)
#8 F:\xamm\htdocs\alwaysready\wp-includes\plugin.php(551): WP_Hook->do_action(Array)
#9 F:\xamm\htdocs\alwaysready\wp-cron.php(138): do_action_ref_array('action_schedule...', Array)
#10 {main}
  thrown in F:\xamm\htdocs\alwaysready\wp-includes\class-wp-hook.php on line 292

2021-03-19T19:21:09+00:00 CRITICAL Uncaught Error: Unknown named parameter $tasks_meta_id in F:\xamm\htdocs\alwaysready\wp-includes\class-wp-hook.php:292
Stack trace:
#0 F:\xamm\htdocs\alwaysready\wp-includes\class-wp-hook.php(316): WP_Hook->apply_filters('', Array)
#1 F:\xamm\htdocs\alwaysready\wp-includes\plugin.php(551): WP_Hook->do_action(Array)
#2 F:\xamm\htdocs\alwaysready\wp-content\plugins\woocommerce\packages\action-scheduler\classes\actions\ActionScheduler_Action.php(22): do_action_ref_array('wpforms_admin_n...', Array)
#3 F:\xamm\htdocs\alwaysready\wp-content\plugins\woocommerce\packages\action-scheduler\classes\abstracts\ActionScheduler_Abstract_QueueRunner.php(65): ActionScheduler_Action->execute()
#4 F:\xamm\htdocs\alwaysready\wp-content\plugins\woocommerce\packages\action-scheduler\classes\ActionScheduler_QueueRunner.php(162): ActionScheduler_Abstract_QueueRunner->process_action(50, 'Async Request')
#5 F:\xamm\htdocs\alwaysready\wp-content\plugins\woocommerce\packages\action-scheduler\classes\ActionScheduler_QueueRunner.php(132): ActionScheduler_QueueRunner->do_batch(25, 'Async Request')
#6 F:\xamm\htdocs\alwaysready\wp-includes\class-wp-hook.php(292): ActionScheduler_QueueRunner->run('Async Request')
#7 F:\xamm\htdocs\alwaysready\wp-includes\class-wp-hook.php(316): WP_Hook->apply_filters('', Array)
#8 F:\xamm\htdocs\alwaysready\wp-includes\plugin.php(484): WP_Hook->do_action(Array)
#9 F:\xamm\htdocs\alwaysready\wp-content\plugins\woocommerce\packages\action-scheduler\classes\ActionScheduler_AsyncRequest_QueueRunner.php(52): do_action('action_schedule...', 'Async Request')
#10 F:\xamm\htdocs\alwaysready\wp-content\plugins\woocommerce\includes\libraries\wp-async-request.php(147): ActionScheduler_AsyncRequest_QueueRunner->handle()
#11 F:\xamm\htdocs\alwaysready\wp-includes\class-wp-hook.php(292): WP_Async_Request->maybe_handle('')
#12 F:\xamm\htdocs\alwaysready\wp-includes\class-wp-hook.php(316): WP_Hook->apply_filters('', Array)
#13 F:\xamm\htdocs\alwaysready\wp-includes\plugin.php(484): WP_Hook->do_action(Array)
#14 F:\xamm\htdocs\alwaysready\wp-admin\admin-ajax.php(187): do_action('wp_ajax_as_asyn...')
#15 {main}
  thrown in F:\xamm\htdocs\alwaysready\wp-includes\class-wp-hook.php on line 292

2021-03-19T19:22:22+00:00 CRITICAL Uncaught Error: Unknown named parameter $tasks_meta_id in F:\xamm\htdocs\alwaysready\wp-includes\class-wp-hook.php:292
Stack trace:
#0 F:\xamm\htdocs\alwaysready\wp-includes\class-wp-hook.php(316): WP_Hook->apply_filters('', Array)
#1 F:\xamm\htdocs\alwaysready\wp-includes\plugin.php(551): WP_Hook->do_action(Array)
#2 F:\xamm\htdocs\alwaysready\wp-content\plugins\woocommerce\packages\action-scheduler\classes\actions\ActionScheduler_Action.php(22): do_action_ref_array('wpforms_admin_n...', Array)
#3 F:\xamm\htdocs\alwaysready\wp-content\plugins\woocommerce\packages\action-scheduler\classes\abstracts\ActionScheduler_Abstract_QueueRunner.php(65): ActionScheduler_Action->execute()
#4 F:\xamm\htdocs\alwaysready\wp-content\plugins\woocommerce\packages\action-scheduler\classes\ActionScheduler_QueueRunner.php(162): ActionScheduler_Abstract_QueueRunner->process_action(51, 'Async Request')
#5 F:\xamm\htdocs\alwaysready\wp-content\plugins\woocommerce\packages\action-scheduler\classes\ActionScheduler_QueueRunner.php(132): ActionScheduler_QueueRunner->do_batch(25, 'Async Request')
#6 F:\xamm\htdocs\alwaysready\wp-includes\class-wp-hook.php(292): ActionScheduler_QueueRunner->run('Async Request')
#7 F:\xamm\htdocs\alwaysready\wp-includes\class-wp-hook.php(316): WP_Hook->apply_filters('', Array)
#8 F:\xamm\htdocs\alwaysready\wp-includes\plugin.php(484): WP_Hook->do_action(Array)
#9 F:\xamm\htdocs\alwaysready\wp-content\plugins\woocommerce\packages\action-scheduler\classes\ActionScheduler_AsyncRequest_QueueRunner.php(52): do_action('action_schedule...', 'Async Request')
#10 F:\xamm\htdocs\alwaysready\wp-content\plugins\woocommerce\includes\libraries\wp-async-request.php(147): ActionScheduler_AsyncRequest_QueueRunner->handle()
#11 F:\xamm\htdocs\alwaysready\wp-includes\class-wp-hook.php(292): WP_Async_Request->maybe_handle('')
#12 F:\xamm\htdocs\alwaysready\wp-includes\class-wp-hook.php(316): WP_Hook->apply_filters('', Array)
#13 F:\xamm\htdocs\alwaysready\wp-includes\plugin.php(484): WP_Hook->do_action(Array)
#14 F:\xamm\htdocs\alwaysready\wp-admin\admin-ajax.php(187): do_action('wp_ajax_as_asyn...')
#15 {main}
  thrown in F:\xamm\htdocs\alwaysready\wp-includes\class-wp-hook.php on line 292

