2021-03-21T05:12:07+00:00 CRITICAL Maximum execution time of 120 seconds exceeded in F:\xamm\htdocs\alwaysready\wp-content\plugins\facebook-for-woocommerce\includes\Admin\Settings_Screens\Product_Sets.php on line 13

2021-03-21T05:12:08+00:00 CRITICAL Maximum execution time of 120 seconds exceeded in F:\xamm\htdocs\alwaysready\wp-content\plugins\facebook-for-woocommerce\facebook-commerce-pixel-event.php on line 13

2021-03-21T05:16:28+00:00 CRITICAL Maximum execution time of 120 seconds exceeded in F:\xamm\htdocs\alwaysready\wp-content\plugins\elementor\includes\template-library\manager.php on line 11

2021-03-21T05:22:25+00:00 CRITICAL Uncaught Error: Unknown named parameter $tasks_meta_id in F:\xamm\htdocs\alwaysready\wp-includes\class-wp-hook.php:292
Stack trace:
#0 F:\xamm\htdocs\alwaysready\wp-includes\class-wp-hook.php(316): WP_Hook->apply_filters('', Array)
#1 F:\xamm\htdocs\alwaysready\wp-includes\plugin.php(551): WP_Hook->do_action(Array)
#2 F:\xamm\htdocs\alwaysready\wp-content\plugins\woocommerce\packages\action-scheduler\classes\actions\ActionScheduler_Action.php(22): do_action_ref_array('wpforms_process...', Array)
#3 F:\xamm\htdocs\alwaysready\wp-content\plugins\woocommerce\packages\action-scheduler\classes\abstracts\ActionScheduler_Abstract_QueueRunner.php(65): ActionScheduler_Action->execute()
#4 F:\xamm\htdocs\alwaysready\wp-content\plugins\woocommerce\packages\action-scheduler\classes\ActionScheduler_QueueRunner.php(162): ActionScheduler_Abstract_QueueRunner->process_action(14, 'WP Cron')
#5 F:\xamm\htdocs\alwaysready\wp-content\plugins\woocommerce\packages\action-scheduler\classes\ActionScheduler_QueueRunner.php(132): ActionScheduler_QueueRunner->do_batch(25, 'WP Cron')
#6 F:\xamm\htdocs\alwaysready\wp-includes\class-wp-hook.php(292): ActionScheduler_QueueRunner->run('WP Cron')
#7 F:\xamm\htdocs\alwaysready\wp-includes\class-wp-hook.php(316): WP_Hook->apply_filters('', Array)
#8 F:\xamm\htdocs\alwaysready\wp-includes\plugin.php(551): WP_Hook->do_action(Array)
#9 F:\xamm\htdocs\alwaysready\wp-cron.php(138): do_action_ref_array('action_schedule...', Array)
#10 {main}
  thrown in F:\xamm\htdocs\alwaysready\wp-includes\class-wp-hook.php on line 292

2021-03-21T05:22:27+00:00 CRITICAL Maximum execution time of 120 seconds exceeded in F:\xamm\htdocs\alwaysready\wp-includes\Requests\Transport\cURL.php on line 163

2021-03-21T05:25:22+00:00 CRITICAL Uncaught Error: Unknown named parameter $tasks_meta_id in F:\xamm\htdocs\alwaysready\wp-includes\class-wp-hook.php:292
Stack trace:
#0 F:\xamm\htdocs\alwaysready\wp-includes\class-wp-hook.php(316): WP_Hook->apply_filters('', Array)
#1 F:\xamm\htdocs\alwaysready\wp-includes\plugin.php(551): WP_Hook->do_action(Array)
#2 F:\xamm\htdocs\alwaysready\wp-content\plugins\woocommerce\packages\action-scheduler\classes\actions\ActionScheduler_Action.php(22): do_action_ref_array('wpforms_email_s...', Array)
#3 F:\xamm\htdocs\alwaysready\wp-content\plugins\woocommerce\packages\action-scheduler\classes\abstracts\ActionScheduler_Abstract_QueueRunner.php(65): ActionScheduler_Action->execute()
#4 F:\xamm\htdocs\alwaysready\wp-content\plugins\woocommerce\packages\action-scheduler\classes\ActionScheduler_QueueRunner.php(162): ActionScheduler_Abstract_QueueRunner->process_action(21, 'WP Cron')
#5 F:\xamm\htdocs\alwaysready\wp-content\plugins\woocommerce\packages\action-scheduler\classes\ActionScheduler_QueueRunner.php(132): ActionScheduler_QueueRunner->do_batch(25, 'WP Cron')
#6 F:\xamm\htdocs\alwaysready\wp-includes\class-wp-hook.php(292): ActionScheduler_QueueRunner->run('WP Cron')
#7 F:\xamm\htdocs\alwaysready\wp-includes\class-wp-hook.php(316): WP_Hook->apply_filters('', Array)
#8 F:\xamm\htdocs\alwaysready\wp-includes\plugin.php(551): WP_Hook->do_action(Array)
#9 F:\xamm\htdocs\alwaysready\wp-cron.php(138): do_action_ref_array('action_schedule...', Array)
#10 {main}
  thrown in F:\xamm\htdocs\alwaysready\wp-includes\class-wp-hook.php on line 292

2021-03-21T05:25:59+00:00 CRITICAL Uncaught Error: Unknown named parameter $tasks_meta_id in F:\xamm\htdocs\alwaysready\wp-includes\class-wp-hook.php:292
Stack trace:
#0 F:\xamm\htdocs\alwaysready\wp-includes\class-wp-hook.php(316): WP_Hook->apply_filters('', Array)
#1 F:\xamm\htdocs\alwaysready\wp-includes\plugin.php(551): WP_Hook->do_action(Array)
#2 F:\xamm\htdocs\alwaysready\wp-content\plugins\woocommerce\packages\action-scheduler\classes\actions\ActionScheduler_Action.php(22): do_action_ref_array('wpforms_admin_n...', Array)
#3 F:\xamm\htdocs\alwaysready\wp-content\plugins\woocommerce\packages\action-scheduler\classes\abstracts\ActionScheduler_Abstract_QueueRunner.php(65): ActionScheduler_Action->execute()
#4 F:\xamm\htdocs\alwaysready\wp-content\plugins\woocommerce\packages\action-scheduler\classes\ActionScheduler_QueueRunner.php(162): ActionScheduler_Abstract_QueueRunner->process_action(142, 'Async Request')
#5 F:\xamm\htdocs\alwaysready\wp-content\plugins\woocommerce\packages\action-scheduler\classes\ActionScheduler_QueueRunner.php(132): ActionScheduler_QueueRunner->do_batch(25, 'Async Request')
#6 F:\xamm\htdocs\alwaysready\wp-includes\class-wp-hook.php(292): ActionScheduler_QueueRunner->run('Async Request')
#7 F:\xamm\htdocs\alwaysready\wp-includes\class-wp-hook.php(316): WP_Hook->apply_filters('', Array)
#8 F:\xamm\htdocs\alwaysready\wp-includes\plugin.php(484): WP_Hook->do_action(Array)
#9 F:\xamm\htdocs\alwaysready\wp-content\plugins\woocommerce\packages\action-scheduler\classes\ActionScheduler_AsyncRequest_QueueRunner.php(52): do_action('action_schedule...', 'Async Request')
#10 F:\xamm\htdocs\alwaysready\wp-content\plugins\woocommerce\includes\libraries\wp-async-request.php(147): ActionScheduler_AsyncRequest_QueueRunner->handle()
#11 F:\xamm\htdocs\alwaysready\wp-includes\class-wp-hook.php(292): WP_Async_Request->maybe_handle('')
#12 F:\xamm\htdocs\alwaysready\wp-includes\class-wp-hook.php(316): WP_Hook->apply_filters('', Array)
#13 F:\xamm\htdocs\alwaysready\wp-includes\plugin.php(484): WP_Hook->do_action(Array)
#14 F:\xamm\htdocs\alwaysready\wp-admin\admin-ajax.php(187): do_action('wp_ajax_as_asyn...')
#15 {main}
  thrown in F:\xamm\htdocs\alwaysready\wp-includes\class-wp-hook.php on line 292

2021-03-21T05:26:32+00:00 CRITICAL Uncaught Error: Unknown named parameter $tasks_meta_id in F:\xamm\htdocs\alwaysready\wp-includes\class-wp-hook.php:292
Stack trace:
#0 F:\xamm\htdocs\alwaysready\wp-includes\class-wp-hook.php(316): WP_Hook->apply_filters('', Array)
#1 F:\xamm\htdocs\alwaysready\wp-includes\plugin.php(551): WP_Hook->do_action(Array)
#2 F:\xamm\htdocs\alwaysready\wp-content\plugins\woocommerce\packages\action-scheduler\classes\actions\ActionScheduler_Action.php(22): do_action_ref_array('wpforms_email_s...', Array)
#3 F:\xamm\htdocs\alwaysready\wp-content\plugins\woocommerce\packages\action-scheduler\classes\abstracts\ActionScheduler_Abstract_QueueRunner.php(65): ActionScheduler_Action->execute()
#4 F:\xamm\htdocs\alwaysready\wp-content\plugins\woocommerce\packages\action-scheduler\classes\ActionScheduler_QueueRunner.php(162): ActionScheduler_Abstract_QueueRunner->process_action(143, 'WP Cron')
#5 F:\xamm\htdocs\alwaysready\wp-content\plugins\woocommerce\packages\action-scheduler\classes\ActionScheduler_QueueRunner.php(132): ActionScheduler_QueueRunner->do_batch(25, 'WP Cron')
#6 F:\xamm\htdocs\alwaysready\wp-includes\class-wp-hook.php(292): ActionScheduler_QueueRunner->run('WP Cron')
#7 F:\xamm\htdocs\alwaysready\wp-includes\class-wp-hook.php(316): WP_Hook->apply_filters('', Array)
#8 F:\xamm\htdocs\alwaysready\wp-includes\plugin.php(551): WP_Hook->do_action(Array)
#9 F:\xamm\htdocs\alwaysready\wp-cron.php(138): do_action_ref_array('action_schedule...', Array)
#10 {main}
  thrown in F:\xamm\htdocs\alwaysready\wp-includes\class-wp-hook.php on line 292

2021-03-21T05:27:29+00:00 CRITICAL Uncaught Error: Unknown named parameter $tasks_meta_id in F:\xamm\htdocs\alwaysready\wp-includes\class-wp-hook.php:292
Stack trace:
#0 F:\xamm\htdocs\alwaysready\wp-includes\class-wp-hook.php(316): WP_Hook->apply_filters('', Array)
#1 F:\xamm\htdocs\alwaysready\wp-includes\plugin.php(551): WP_Hook->do_action(Array)
#2 F:\xamm\htdocs\alwaysready\wp-content\plugins\woocommerce\packages\action-scheduler\classes\actions\ActionScheduler_Action.php(22): do_action_ref_array('wpforms_email_s...', Array)
#3 F:\xamm\htdocs\alwaysready\wp-content\plugins\woocommerce\packages\action-scheduler\classes\abstracts\ActionScheduler_Abstract_QueueRunner.php(65): ActionScheduler_Action->execute()
#4 F:\xamm\htdocs\alwaysready\wp-content\plugins\woocommerce\packages\action-scheduler\classes\ActionScheduler_QueueRunner.php(162): ActionScheduler_Abstract_QueueRunner->process_action(144, 'WP Cron')
#5 F:\xamm\htdocs\alwaysready\wp-content\plugins\woocommerce\packages\action-scheduler\classes\ActionScheduler_QueueRunner.php(132): ActionScheduler_QueueRunner->do_batch(25, 'WP Cron')
#6 F:\xamm\htdocs\alwaysready\wp-includes\class-wp-hook.php(292): ActionScheduler_QueueRunner->run('WP Cron')
#7 F:\xamm\htdocs\alwaysready\wp-includes\class-wp-hook.php(316): WP_Hook->apply_filters('', Array)
#8 F:\xamm\htdocs\alwaysready\wp-includes\plugin.php(551): WP_Hook->do_action(Array)
#9 F:\xamm\htdocs\alwaysready\wp-cron.php(138): do_action_ref_array('action_schedule...', Array)
#10 {main}
  thrown in F:\xamm\htdocs\alwaysready\wp-includes\class-wp-hook.php on line 292

2021-03-21T05:27:32+00:00 CRITICAL Uncaught Error: Unknown named parameter $tasks_meta_id in F:\xamm\htdocs\alwaysready\wp-includes\class-wp-hook.php:292
Stack trace:
#0 F:\xamm\htdocs\alwaysready\wp-includes\class-wp-hook.php(316): WP_Hook->apply_filters('', Array)
#1 F:\xamm\htdocs\alwaysready\wp-includes\plugin.php(551): WP_Hook->do_action(Array)
#2 F:\xamm\htdocs\alwaysready\wp-content\plugins\woocommerce\packages\action-scheduler\classes\actions\ActionScheduler_Action.php(22): do_action_ref_array('wpforms_email_s...', Array)
#3 F:\xamm\htdocs\alwaysready\wp-content\plugins\woocommerce\packages\action-scheduler\classes\abstracts\ActionScheduler_Abstract_QueueRunner.php(65): ActionScheduler_Action->execute()
#4 F:\xamm\htdocs\alwaysready\wp-content\plugins\woocommerce\packages\action-scheduler\classes\ActionScheduler_QueueRunner.php(162): ActionScheduler_Abstract_QueueRunner->process_action(145, 'Async Request')
#5 F:\xamm\htdocs\alwaysready\wp-content\plugins\woocommerce\packages\action-scheduler\classes\ActionScheduler_QueueRunner.php(132): ActionScheduler_QueueRunner->do_batch(25, 'Async Request')
#6 F:\xamm\htdocs\alwaysready\wp-includes\class-wp-hook.php(292): ActionScheduler_QueueRunner->run('Async Request')
#7 F:\xamm\htdocs\alwaysready\wp-includes\class-wp-hook.php(316): WP_Hook->apply_filters('', Array)
#8 F:\xamm\htdocs\alwaysready\wp-includes\plugin.php(484): WP_Hook->do_action(Array)
#9 F:\xamm\htdocs\alwaysready\wp-content\plugins\woocommerce\packages\action-scheduler\classes\ActionScheduler_AsyncRequest_QueueRunner.php(52): do_action('action_schedule...', 'Async Request')
#10 F:\xamm\htdocs\alwaysready\wp-content\plugins\woocommerce\includes\libraries\wp-async-request.php(147): ActionScheduler_AsyncRequest_QueueRunner->handle()
#11 F:\xamm\htdocs\alwaysready\wp-includes\class-wp-hook.php(292): WP_Async_Request->maybe_handle('')
#12 F:\xamm\htdocs\alwaysready\wp-includes\class-wp-hook.php(316): WP_Hook->apply_filters('', Array)
#13 F:\xamm\htdocs\alwaysready\wp-includes\plugin.php(484): WP_Hook->do_action(Array)
#14 F:\xamm\htdocs\alwaysready\wp-admin\admin-ajax.php(187): do_action('wp_ajax_as_asyn...')
#15 {main}
  thrown in F:\xamm\htdocs\alwaysready\wp-includes\class-wp-hook.php on line 292

2021-03-21T05:29:26+00:00 CRITICAL Uncaught Error: Unknown named parameter $tasks_meta_id in F:\xamm\htdocs\alwaysready\wp-includes\class-wp-hook.php:292
Stack trace:
#0 F:\xamm\htdocs\alwaysready\wp-includes\class-wp-hook.php(316): WP_Hook->apply_filters('', Array)
#1 F:\xamm\htdocs\alwaysready\wp-includes\plugin.php(551): WP_Hook->do_action(Array)
#2 F:\xamm\htdocs\alwaysready\wp-content\plugins\woocommerce\packages\action-scheduler\classes\actions\ActionScheduler_Action.php(22): do_action_ref_array('wpforms_email_s...', Array)
#3 F:\xamm\htdocs\alwaysready\wp-content\plugins\woocommerce\packages\action-scheduler\classes\abstracts\ActionScheduler_Abstract_QueueRunner.php(65): ActionScheduler_Action->execute()
#4 F:\xamm\htdocs\alwaysready\wp-content\plugins\woocommerce\packages\action-scheduler\classes\ActionScheduler_QueueRunner.php(162): ActionScheduler_Abstract_QueueRunner->process_action(146, 'WP Cron')
#5 F:\xamm\htdocs\alwaysready\wp-content\plugins\woocommerce\packages\action-scheduler\classes\ActionScheduler_QueueRunner.php(132): ActionScheduler_QueueRunner->do_batch(25, 'WP Cron')
#6 F:\xamm\htdocs\alwaysready\wp-includes\class-wp-hook.php(292): ActionScheduler_QueueRunner->run('WP Cron')
#7 F:\xamm\htdocs\alwaysready\wp-includes\class-wp-hook.php(316): WP_Hook->apply_filters('', Array)
#8 F:\xamm\htdocs\alwaysready\wp-includes\plugin.php(551): WP_Hook->do_action(Array)
#9 F:\xamm\htdocs\alwaysready\wp-cron.php(138): do_action_ref_array('action_schedule...', Array)
#10 {main}
  thrown in F:\xamm\htdocs\alwaysready\wp-includes\class-wp-hook.php on line 292

2021-03-21T05:30:27+00:00 CRITICAL Uncaught Error: Unknown named parameter $tasks_meta_id in F:\xamm\htdocs\alwaysready\wp-includes\class-wp-hook.php:292
Stack trace:
#0 F:\xamm\htdocs\alwaysready\wp-includes\class-wp-hook.php(316): WP_Hook->apply_filters('', Array)
#1 F:\xamm\htdocs\alwaysready\wp-includes\plugin.php(551): WP_Hook->do_action(Array)
#2 F:\xamm\htdocs\alwaysready\wp-content\plugins\woocommerce\packages\action-scheduler\classes\actions\ActionScheduler_Action.php(22): do_action_ref_array('wpforms_email_s...', Array)
#3 F:\xamm\htdocs\alwaysready\wp-content\plugins\woocommerce\packages\action-scheduler\classes\abstracts\ActionScheduler_Abstract_QueueRunner.php(65): ActionScheduler_Action->execute()
#4 F:\xamm\htdocs\alwaysready\wp-content\plugins\woocommerce\packages\action-scheduler\classes\ActionScheduler_QueueRunner.php(162): ActionScheduler_Abstract_QueueRunner->process_action(147, 'WP Cron')
#5 F:\xamm\htdocs\alwaysready\wp-content\plugins\woocommerce\packages\action-scheduler\classes\ActionScheduler_QueueRunner.php(132): ActionScheduler_QueueRunner->do_batch(25, 'WP Cron')
#6 F:\xamm\htdocs\alwaysready\wp-includes\class-wp-hook.php(292): ActionScheduler_QueueRunner->run('WP Cron')
#7 F:\xamm\htdocs\alwaysready\wp-includes\class-wp-hook.php(316): WP_Hook->apply_filters('', Array)
#8 F:\xamm\htdocs\alwaysready\wp-includes\plugin.php(551): WP_Hook->do_action(Array)
#9 F:\xamm\htdocs\alwaysready\wp-cron.php(138): do_action_ref_array('action_schedule...', Array)
#10 {main}
  thrown in F:\xamm\htdocs\alwaysready\wp-includes\class-wp-hook.php on line 292

2021-03-21T05:30:51+00:00 CRITICAL Uncaught Error: Unknown named parameter $tasks_meta_id in F:\xamm\htdocs\alwaysready\wp-includes\class-wp-hook.php:292
Stack trace:
#0 F:\xamm\htdocs\alwaysready\wp-includes\class-wp-hook.php(316): WP_Hook->apply_filters('', Array)
#1 F:\xamm\htdocs\alwaysready\wp-includes\plugin.php(551): WP_Hook->do_action(Array)
#2 F:\xamm\htdocs\alwaysready\wp-content\plugins\woocommerce\packages\action-scheduler\classes\actions\ActionScheduler_Action.php(22): do_action_ref_array('wpforms_admin_n...', Array)
#3 F:\xamm\htdocs\alwaysready\wp-content\plugins\woocommerce\packages\action-scheduler\classes\abstracts\ActionScheduler_Abstract_QueueRunner.php(65): ActionScheduler_Action->execute()
#4 F:\xamm\htdocs\alwaysready\wp-content\plugins\woocommerce\packages\action-scheduler\classes\ActionScheduler_QueueRunner.php(162): ActionScheduler_Abstract_QueueRunner->process_action(148, 'Async Request')
#5 F:\xamm\htdocs\alwaysready\wp-content\plugins\woocommerce\packages\action-scheduler\classes\ActionScheduler_QueueRunner.php(132): ActionScheduler_QueueRunner->do_batch(25, 'Async Request')
#6 F:\xamm\htdocs\alwaysready\wp-includes\class-wp-hook.php(292): ActionScheduler_QueueRunner->run('Async Request')
#7 F:\xamm\htdocs\alwaysready\wp-includes\class-wp-hook.php(316): WP_Hook->apply_filters('', Array)
#8 F:\xamm\htdocs\alwaysready\wp-includes\plugin.php(484): WP_Hook->do_action(Array)
#9 F:\xamm\htdocs\alwaysready\wp-content\plugins\woocommerce\packages\action-scheduler\classes\ActionScheduler_AsyncRequest_QueueRunner.php(52): do_action('action_schedule...', 'Async Request')
#10 F:\xamm\htdocs\alwaysready\wp-content\plugins\woocommerce\includes\libraries\wp-async-request.php(147): ActionScheduler_AsyncRequest_QueueRunner->handle()
#11 F:\xamm\htdocs\alwaysready\wp-includes\class-wp-hook.php(292): WP_Async_Request->maybe_handle('')
#12 F:\xamm\htdocs\alwaysready\wp-includes\class-wp-hook.php(316): WP_Hook->apply_filters('', Array)
#13 F:\xamm\htdocs\alwaysready\wp-includes\plugin.php(484): WP_Hook->do_action(Array)
#14 F:\xamm\htdocs\alwaysready\wp-admin\admin-ajax.php(187): do_action('wp_ajax_as_asyn...')
#15 {main}
  thrown in F:\xamm\htdocs\alwaysready\wp-includes\class-wp-hook.php on line 292

2021-03-21T05:31:46+00:00 CRITICAL Uncaught Error: Unknown named parameter $tasks_meta_id in F:\xamm\htdocs\alwaysready\wp-includes\class-wp-hook.php:292
Stack trace:
#0 F:\xamm\htdocs\alwaysready\wp-includes\class-wp-hook.php(316): WP_Hook->apply_filters('', Array)
#1 F:\xamm\htdocs\alwaysready\wp-includes\plugin.php(551): WP_Hook->do_action(Array)
#2 F:\xamm\htdocs\alwaysready\wp-content\plugins\woocommerce\packages\action-scheduler\classes\actions\ActionScheduler_Action.php(22): do_action_ref_array('wpforms_email_s...', Array)
#3 F:\xamm\htdocs\alwaysready\wp-content\plugins\woocommerce\packages\action-scheduler\classes\abstracts\ActionScheduler_Abstract_QueueRunner.php(65): ActionScheduler_Action->execute()
#4 F:\xamm\htdocs\alwaysready\wp-content\plugins\woocommerce\packages\action-scheduler\classes\ActionScheduler_QueueRunner.php(162): ActionScheduler_Abstract_QueueRunner->process_action(149, 'WP Cron')
#5 F:\xamm\htdocs\alwaysready\wp-content\plugins\woocommerce\packages\action-scheduler\classes\ActionScheduler_QueueRunner.php(132): ActionScheduler_QueueRunner->do_batch(25, 'WP Cron')
#6 F:\xamm\htdocs\alwaysready\wp-includes\class-wp-hook.php(292): ActionScheduler_QueueRunner->run('WP Cron')
#7 F:\xamm\htdocs\alwaysready\wp-includes\class-wp-hook.php(316): WP_Hook->apply_filters('', Array)
#8 F:\xamm\htdocs\alwaysready\wp-includes\plugin.php(551): WP_Hook->do_action(Array)
#9 F:\xamm\htdocs\alwaysready\wp-cron.php(138): do_action_ref_array('action_schedule...', Array)
#10 {main}
  thrown in F:\xamm\htdocs\alwaysready\wp-includes\class-wp-hook.php on line 292

2021-03-21T05:32:15+00:00 CRITICAL Uncaught Error: Unknown named parameter $tasks_meta_id in F:\xamm\htdocs\alwaysready\wp-includes\class-wp-hook.php:292
Stack trace:
#0 F:\xamm\htdocs\alwaysready\wp-includes\class-wp-hook.php(316): WP_Hook->apply_filters('', Array)
#1 F:\xamm\htdocs\alwaysready\wp-includes\plugin.php(551): WP_Hook->do_action(Array)
#2 F:\xamm\htdocs\alwaysready\wp-content\plugins\woocommerce\packages\action-scheduler\classes\actions\ActionScheduler_Action.php(22): do_action_ref_array('wpforms_admin_n...', Array)
#3 F:\xamm\htdocs\alwaysready\wp-content\plugins\woocommerce\packages\action-scheduler\classes\abstracts\ActionScheduler_Abstract_QueueRunner.php(65): ActionScheduler_Action->execute()
#4 F:\xamm\htdocs\alwaysready\wp-content\plugins\woocommerce\packages\action-scheduler\classes\ActionScheduler_QueueRunner.php(162): ActionScheduler_Abstract_QueueRunner->process_action(150, 'WP Cron')
#5 F:\xamm\htdocs\alwaysready\wp-content\plugins\woocommerce\packages\action-scheduler\classes\ActionScheduler_QueueRunner.php(132): ActionScheduler_QueueRunner->do_batch(25, 'WP Cron')
#6 F:\xamm\htdocs\alwaysready\wp-includes\class-wp-hook.php(292): ActionScheduler_QueueRunner->run('WP Cron')
#7 F:\xamm\htdocs\alwaysready\wp-includes\class-wp-hook.php(316): WP_Hook->apply_filters('', Array)
#8 F:\xamm\htdocs\alwaysready\wp-includes\plugin.php(551): WP_Hook->do_action(Array)
#9 F:\xamm\htdocs\alwaysready\wp-cron.php(138): do_action_ref_array('action_schedule...', Array)
#10 {main}
  thrown in F:\xamm\htdocs\alwaysready\wp-includes\class-wp-hook.php on line 292

2021-03-21T05:32:26+00:00 CRITICAL Uncaught Error: Unknown named parameter $tasks_meta_id in F:\xamm\htdocs\alwaysready\wp-includes\class-wp-hook.php:292
Stack trace:
#0 F:\xamm\htdocs\alwaysready\wp-includes\class-wp-hook.php(316): WP_Hook->apply_filters('', Array)
#1 F:\xamm\htdocs\alwaysready\wp-includes\plugin.php(551): WP_Hook->do_action(Array)
#2 F:\xamm\htdocs\alwaysready\wp-content\plugins\woocommerce\packages\action-scheduler\classes\actions\ActionScheduler_Action.php(22): do_action_ref_array('wpforms_email_s...', Array)
#3 F:\xamm\htdocs\alwaysready\wp-content\plugins\woocommerce\packages\action-scheduler\classes\abstracts\ActionScheduler_Abstract_QueueRunner.php(65): ActionScheduler_Action->execute()
#4 F:\xamm\htdocs\alwaysready\wp-content\plugins\woocommerce\packages\action-scheduler\classes\ActionScheduler_QueueRunner.php(162): ActionScheduler_Abstract_QueueRunner->process_action(151, 'Async Request')
#5 F:\xamm\htdocs\alwaysready\wp-content\plugins\woocommerce\packages\action-scheduler\classes\ActionScheduler_QueueRunner.php(132): ActionScheduler_QueueRunner->do_batch(25, 'Async Request')
#6 F:\xamm\htdocs\alwaysready\wp-includes\class-wp-hook.php(292): ActionScheduler_QueueRunner->run('Async Request')
#7 F:\xamm\htdocs\alwaysready\wp-includes\class-wp-hook.php(316): WP_Hook->apply_filters('', Array)
#8 F:\xamm\htdocs\alwaysready\wp-includes\plugin.php(484): WP_Hook->do_action(Array)
#9 F:\xamm\htdocs\alwaysready\wp-content\plugins\woocommerce\packages\action-scheduler\classes\ActionScheduler_AsyncRequest_QueueRunner.php(52): do_action('action_schedule...', 'Async Request')
#10 F:\xamm\htdocs\alwaysready\wp-content\plugins\woocommerce\includes\libraries\wp-async-request.php(147): ActionScheduler_AsyncRequest_QueueRunner->handle()
#11 F:\xamm\htdocs\alwaysready\wp-includes\class-wp-hook.php(292): WP_Async_Request->maybe_handle('')
#12 F:\xamm\htdocs\alwaysready\wp-includes\class-wp-hook.php(316): WP_Hook->apply_filters('', Array)
#13 F:\xamm\htdocs\alwaysready\wp-includes\plugin.php(484): WP_Hook->do_action(Array)
#14 F:\xamm\htdocs\alwaysready\wp-admin\admin-ajax.php(187): do_action('wp_ajax_as_asyn...')
#15 {main}
  thrown in F:\xamm\htdocs\alwaysready\wp-includes\class-wp-hook.php on line 292

2021-03-21T05:33:27+00:00 CRITICAL Uncaught Error: Unknown named parameter $tasks_meta_id in F:\xamm\htdocs\alwaysready\wp-includes\class-wp-hook.php:292
Stack trace:
#0 F:\xamm\htdocs\alwaysready\wp-includes\class-wp-hook.php(316): WP_Hook->apply_filters('', Array)
#1 F:\xamm\htdocs\alwaysready\wp-includes\plugin.php(551): WP_Hook->do_action(Array)
#2 F:\xamm\htdocs\alwaysready\wp-content\plugins\woocommerce\packages\action-scheduler\classes\actions\ActionScheduler_Action.php(22): do_action_ref_array('wpforms_admin_n...', Array)
#3 F:\xamm\htdocs\alwaysready\wp-content\plugins\woocommerce\packages\action-scheduler\classes\abstracts\ActionScheduler_Abstract_QueueRunner.php(65): ActionScheduler_Action->execute()
#4 F:\xamm\htdocs\alwaysready\wp-content\plugins\woocommerce\packages\action-scheduler\classes\ActionScheduler_QueueRunner.php(162): ActionScheduler_Abstract_QueueRunner->process_action(152, 'WP Cron')
#5 F:\xamm\htdocs\alwaysready\wp-content\plugins\woocommerce\packages\action-scheduler\classes\ActionScheduler_QueueRunner.php(132): ActionScheduler_QueueRunner->do_batch(25, 'WP Cron')
#6 F:\xamm\htdocs\alwaysready\wp-includes\class-wp-hook.php(292): ActionScheduler_QueueRunner->run('WP Cron')
#7 F:\xamm\htdocs\alwaysready\wp-includes\class-wp-hook.php(316): WP_Hook->apply_filters('', Array)
#8 F:\xamm\htdocs\alwaysready\wp-includes\plugin.php(551): WP_Hook->do_action(Array)
#9 F:\xamm\htdocs\alwaysready\wp-cron.php(138): do_action_ref_array('action_schedule...', Array)
#10 {main}
  thrown in F:\xamm\htdocs\alwaysready\wp-includes\class-wp-hook.php on line 292

2021-03-21T05:34:45+00:00 CRITICAL Uncaught Error: Unknown named parameter $tasks_meta_id in F:\xamm\htdocs\alwaysready\wp-includes\class-wp-hook.php:292
Stack trace:
#0 F:\xamm\htdocs\alwaysready\wp-includes\class-wp-hook.php(316): WP_Hook->apply_filters('', Array)
#1 F:\xamm\htdocs\alwaysready\wp-includes\plugin.php(551): WP_Hook->do_action(Array)
#2 F:\xamm\htdocs\alwaysready\wp-content\plugins\woocommerce\packages\action-scheduler\classes\actions\ActionScheduler_Action.php(22): do_action_ref_array('wpforms_admin_n...', Array)
#3 F:\xamm\htdocs\alwaysready\wp-content\plugins\woocommerce\packages\action-scheduler\classes\abstracts\ActionScheduler_Abstract_QueueRunner.php(65): ActionScheduler_Action->execute()
#4 F:\xamm\htdocs\alwaysready\wp-content\plugins\woocommerce\packages\action-scheduler\classes\ActionScheduler_QueueRunner.php(162): ActionScheduler_Abstract_QueueRunner->process_action(156, 'Async Request')
#5 F:\xamm\htdocs\alwaysready\wp-content\plugins\woocommerce\packages\action-scheduler\classes\ActionScheduler_QueueRunner.php(132): ActionScheduler_QueueRunner->do_batch(25, 'Async Request')
#6 F:\xamm\htdocs\alwaysready\wp-includes\class-wp-hook.php(292): ActionScheduler_QueueRunner->run('Async Request')
#7 F:\xamm\htdocs\alwaysready\wp-includes\class-wp-hook.php(316): WP_Hook->apply_filters('', Array)
#8 F:\xamm\htdocs\alwaysready\wp-includes\plugin.php(484): WP_Hook->do_action(Array)
#9 F:\xamm\htdocs\alwaysready\wp-content\plugins\woocommerce\packages\action-scheduler\classes\ActionScheduler_AsyncRequest_QueueRunner.php(52): do_action('action_schedule...', 'Async Request')
#10 F:\xamm\htdocs\alwaysready\wp-content\plugins\woocommerce\includes\libraries\wp-async-request.php(147): ActionScheduler_AsyncRequest_QueueRunner->handle()
#11 F:\xamm\htdocs\alwaysready\wp-includes\class-wp-hook.php(292): WP_Async_Request->maybe_handle('')
#12 F:\xamm\htdocs\alwaysready\wp-includes\class-wp-hook.php(316): WP_Hook->apply_filters('', Array)
#13 F:\xamm\htdocs\alwaysready\wp-includes\plugin.php(484): WP_Hook->do_action(Array)
#14 F:\xamm\htdocs\alwaysready\wp-admin\admin-ajax.php(187): do_action('wp_ajax_as_asyn...')
#15 {main}
  thrown in F:\xamm\htdocs\alwaysready\wp-includes\class-wp-hook.php on line 292

2021-03-21T05:35:51+00:00 CRITICAL Uncaught Error: Unknown named parameter $tasks_meta_id in F:\xamm\htdocs\alwaysready\wp-includes\class-wp-hook.php:292
Stack trace:
#0 F:\xamm\htdocs\alwaysready\wp-includes\class-wp-hook.php(316): WP_Hook->apply_filters('', Array)
#1 F:\xamm\htdocs\alwaysready\wp-includes\plugin.php(551): WP_Hook->do_action(Array)
#2 F:\xamm\htdocs\alwaysready\wp-content\plugins\woocommerce\packages\action-scheduler\classes\actions\ActionScheduler_Action.php(22): do_action_ref_array('wpforms_admin_n...', Array)
#3 F:\xamm\htdocs\alwaysready\wp-content\plugins\woocommerce\packages\action-scheduler\classes\abstracts\ActionScheduler_Abstract_QueueRunner.php(65): ActionScheduler_Action->execute()
#4 F:\xamm\htdocs\alwaysready\wp-content\plugins\woocommerce\packages\action-scheduler\classes\ActionScheduler_QueueRunner.php(162): ActionScheduler_Abstract_QueueRunner->process_action(157, 'Async Request')
#5 F:\xamm\htdocs\alwaysready\wp-content\plugins\woocommerce\packages\action-scheduler\classes\ActionScheduler_QueueRunner.php(132): ActionScheduler_QueueRunner->do_batch(25, 'Async Request')
#6 F:\xamm\htdocs\alwaysready\wp-includes\class-wp-hook.php(292): ActionScheduler_QueueRunner->run('Async Request')
#7 F:\xamm\htdocs\alwaysready\wp-includes\class-wp-hook.php(316): WP_Hook->apply_filters('', Array)
#8 F:\xamm\htdocs\alwaysready\wp-includes\plugin.php(484): WP_Hook->do_action(Array)
#9 F:\xamm\htdocs\alwaysready\wp-content\plugins\woocommerce\packages\action-scheduler\classes\ActionScheduler_AsyncRequest_QueueRunner.php(52): do_action('action_schedule...', 'Async Request')
#10 F:\xamm\htdocs\alwaysready\wp-content\plugins\woocommerce\includes\libraries\wp-async-request.php(147): ActionScheduler_AsyncRequest_QueueRunner->handle()
#11 F:\xamm\htdocs\alwaysready\wp-includes\class-wp-hook.php(292): WP_Async_Request->maybe_handle('')
#12 F:\xamm\htdocs\alwaysready\wp-includes\class-wp-hook.php(316): WP_Hook->apply_filters('', Array)
#13 F:\xamm\htdocs\alwaysready\wp-includes\plugin.php(484): WP_Hook->do_action(Array)
#14 F:\xamm\htdocs\alwaysready\wp-admin\admin-ajax.php(187): do_action('wp_ajax_as_asyn...')
#15 {main}
  thrown in F:\xamm\htdocs\alwaysready\wp-includes\class-wp-hook.php on line 292

2021-03-21T05:36:57+00:00 CRITICAL Uncaught Error: Unknown named parameter $tasks_meta_id in F:\xamm\htdocs\alwaysready\wp-includes\class-wp-hook.php:292
Stack trace:
#0 F:\xamm\htdocs\alwaysready\wp-includes\class-wp-hook.php(316): WP_Hook->apply_filters('', Array)
#1 F:\xamm\htdocs\alwaysready\wp-includes\plugin.php(551): WP_Hook->do_action(Array)
#2 F:\xamm\htdocs\alwaysready\wp-content\plugins\woocommerce\packages\action-scheduler\classes\actions\ActionScheduler_Action.php(22): do_action_ref_array('wpforms_admin_n...', Array)
#3 F:\xamm\htdocs\alwaysready\wp-content\plugins\woocommerce\packages\action-scheduler\classes\abstracts\ActionScheduler_Abstract_QueueRunner.php(65): ActionScheduler_Action->execute()
#4 F:\xamm\htdocs\alwaysready\wp-content\plugins\woocommerce\packages\action-scheduler\classes\ActionScheduler_QueueRunner.php(162): ActionScheduler_Abstract_QueueRunner->process_action(158, 'WP Cron')
#5 F:\xamm\htdocs\alwaysready\wp-content\plugins\woocommerce\packages\action-scheduler\classes\ActionScheduler_QueueRunner.php(132): ActionScheduler_QueueRunner->do_batch(25, 'WP Cron')
#6 F:\xamm\htdocs\alwaysready\wp-includes\class-wp-hook.php(292): ActionScheduler_QueueRunner->run('WP Cron')
#7 F:\xamm\htdocs\alwaysready\wp-includes\class-wp-hook.php(316): WP_Hook->apply_filters('', Array)
#8 F:\xamm\htdocs\alwaysready\wp-includes\plugin.php(551): WP_Hook->do_action(Array)
#9 F:\xamm\htdocs\alwaysready\wp-cron.php(138): do_action_ref_array('action_schedule...', Array)
#10 {main}
  thrown in F:\xamm\htdocs\alwaysready\wp-includes\class-wp-hook.php on line 292

2021-03-21T05:37:10+00:00 CRITICAL Uncaught Error: Unknown named parameter $tasks_meta_id in F:\xamm\htdocs\alwaysready\wp-includes\class-wp-hook.php:292
Stack trace:
#0 F:\xamm\htdocs\alwaysready\wp-includes\class-wp-hook.php(316): WP_Hook->apply_filters('', Array)
#1 F:\xamm\htdocs\alwaysready\wp-includes\plugin.php(551): WP_Hook->do_action(Array)
#2 F:\xamm\htdocs\alwaysready\wp-content\plugins\woocommerce\packages\action-scheduler\classes\actions\ActionScheduler_Action.php(22): do_action_ref_array('wpforms_admin_n...', Array)
#3 F:\xamm\htdocs\alwaysready\wp-content\plugins\woocommerce\packages\action-scheduler\classes\abstracts\ActionScheduler_Abstract_QueueRunner.php(65): ActionScheduler_Action->execute()
#4 F:\xamm\htdocs\alwaysready\wp-content\plugins\woocommerce\packages\action-scheduler\classes\ActionScheduler_QueueRunner.php(162): ActionScheduler_Abstract_QueueRunner->process_action(159, 'Async Request')
#5 F:\xamm\htdocs\alwaysready\wp-content\plugins\woocommerce\packages\action-scheduler\classes\ActionScheduler_QueueRunner.php(132): ActionScheduler_QueueRunner->do_batch(25, 'Async Request')
#6 F:\xamm\htdocs\alwaysready\wp-includes\class-wp-hook.php(292): ActionScheduler_QueueRunner->run('Async Request')
#7 F:\xamm\htdocs\alwaysready\wp-includes\class-wp-hook.php(316): WP_Hook->apply_filters('', Array)
#8 F:\xamm\htdocs\alwaysready\wp-includes\plugin.php(484): WP_Hook->do_action(Array)
#9 F:\xamm\htdocs\alwaysready\wp-content\plugins\woocommerce\packages\action-scheduler\classes\ActionScheduler_AsyncRequest_QueueRunner.php(52): do_action('action_schedule...', 'Async Request')
#10 F:\xamm\htdocs\alwaysready\wp-content\plugins\woocommerce\includes\libraries\wp-async-request.php(147): ActionScheduler_AsyncRequest_QueueRunner->handle()
#11 F:\xamm\htdocs\alwaysready\wp-includes\class-wp-hook.php(292): WP_Async_Request->maybe_handle('')
#12 F:\xamm\htdocs\alwaysready\wp-includes\class-wp-hook.php(316): WP_Hook->apply_filters('', Array)
#13 F:\xamm\htdocs\alwaysready\wp-includes\plugin.php(484): WP_Hook->do_action(Array)
#14 F:\xamm\htdocs\alwaysready\wp-admin\admin-ajax.php(187): do_action('wp_ajax_as_asyn...')
#15 {main}
  thrown in F:\xamm\htdocs\alwaysready\wp-includes\class-wp-hook.php on line 292

2021-03-21T05:38:11+00:00 CRITICAL Uncaught Error: Unknown named parameter $tasks_meta_id in F:\xamm\htdocs\alwaysready\wp-includes\class-wp-hook.php:292
Stack trace:
#0 F:\xamm\htdocs\alwaysready\wp-includes\class-wp-hook.php(316): WP_Hook->apply_filters('', Array)
#1 F:\xamm\htdocs\alwaysready\wp-includes\plugin.php(551): WP_Hook->do_action(Array)
#2 F:\xamm\htdocs\alwaysready\wp-content\plugins\woocommerce\packages\action-scheduler\classes\actions\ActionScheduler_Action.php(22): do_action_ref_array('wpforms_admin_n...', Array)
#3 F:\xamm\htdocs\alwaysready\wp-content\plugins\woocommerce\packages\action-scheduler\classes\abstracts\ActionScheduler_Abstract_QueueRunner.php(65): ActionScheduler_Action->execute()
#4 F:\xamm\htdocs\alwaysready\wp-content\plugins\woocommerce\packages\action-scheduler\classes\ActionScheduler_QueueRunner.php(162): ActionScheduler_Abstract_QueueRunner->process_action(160, 'WP Cron')
#5 F:\xamm\htdocs\alwaysready\wp-content\plugins\woocommerce\packages\action-scheduler\classes\ActionScheduler_QueueRunner.php(132): ActionScheduler_QueueRunner->do_batch(25, 'WP Cron')
#6 F:\xamm\htdocs\alwaysready\wp-includes\class-wp-hook.php(292): ActionScheduler_QueueRunner->run('WP Cron')
#7 F:\xamm\htdocs\alwaysready\wp-includes\class-wp-hook.php(316): WP_Hook->apply_filters('', Array)
#8 F:\xamm\htdocs\alwaysready\wp-includes\plugin.php(551): WP_Hook->do_action(Array)
#9 F:\xamm\htdocs\alwaysready\wp-cron.php(138): do_action_ref_array('action_schedule...', Array)
#10 {main}
  thrown in F:\xamm\htdocs\alwaysready\wp-includes\class-wp-hook.php on line 292

2021-03-21T05:38:27+00:00 CRITICAL Uncaught Error: Unknown named parameter $tasks_meta_id in F:\xamm\htdocs\alwaysready\wp-includes\class-wp-hook.php:292
Stack trace:
#0 F:\xamm\htdocs\alwaysready\wp-includes\class-wp-hook.php(316): WP_Hook->apply_filters('', Array)
#1 F:\xamm\htdocs\alwaysready\wp-includes\plugin.php(551): WP_Hook->do_action(Array)
#2 F:\xamm\htdocs\alwaysready\wp-content\plugins\woocommerce\packages\action-scheduler\classes\actions\ActionScheduler_Action.php(22): do_action_ref_array('wpforms_admin_n...', Array)
#3 F:\xamm\htdocs\alwaysready\wp-content\plugins\woocommerce\packages\action-scheduler\classes\abstracts\ActionScheduler_Abstract_QueueRunner.php(65): ActionScheduler_Action->execute()
#4 F:\xamm\htdocs\alwaysready\wp-content\plugins\woocommerce\packages\action-scheduler\classes\ActionScheduler_QueueRunner.php(162): ActionScheduler_Abstract_QueueRunner->process_action(161, 'Async Request')
#5 F:\xamm\htdocs\alwaysready\wp-content\plugins\woocommerce\packages\action-scheduler\classes\ActionScheduler_QueueRunner.php(132): ActionScheduler_QueueRunner->do_batch(25, 'Async Request')
#6 F:\xamm\htdocs\alwaysready\wp-includes\class-wp-hook.php(292): ActionScheduler_QueueRunner->run('Async Request')
#7 F:\xamm\htdocs\alwaysready\wp-includes\class-wp-hook.php(316): WP_Hook->apply_filters('', Array)
#8 F:\xamm\htdocs\alwaysready\wp-includes\plugin.php(484): WP_Hook->do_action(Array)
#9 F:\xamm\htdocs\alwaysready\wp-content\plugins\woocommerce\packages\action-scheduler\classes\ActionScheduler_AsyncRequest_QueueRunner.php(52): do_action('action_schedule...', 'Async Request')
#10 F:\xamm\htdocs\alwaysready\wp-content\plugins\woocommerce\includes\libraries\wp-async-request.php(147): ActionScheduler_AsyncRequest_QueueRunner->handle()
#11 F:\xamm\htdocs\alwaysready\wp-includes\class-wp-hook.php(292): WP_Async_Request->maybe_handle('')
#12 F:\xamm\htdocs\alwaysready\wp-includes\class-wp-hook.php(316): WP_Hook->apply_filters('', Array)
#13 F:\xamm\htdocs\alwaysready\wp-includes\plugin.php(484): WP_Hook->do_action(Array)
#14 F:\xamm\htdocs\alwaysready\wp-admin\admin-ajax.php(187): do_action('wp_ajax_as_asyn...')
#15 {main}
  thrown in F:\xamm\htdocs\alwaysready\wp-includes\class-wp-hook.php on line 292

2021-03-21T05:39:18+00:00 CRITICAL Uncaught Error: Unknown named parameter $tasks_meta_id in F:\xamm\htdocs\alwaysready\wp-includes\class-wp-hook.php:292
Stack trace:
#0 F:\xamm\htdocs\alwaysready\wp-includes\class-wp-hook.php(316): WP_Hook->apply_filters('', Array)
#1 F:\xamm\htdocs\alwaysready\wp-includes\plugin.php(551): WP_Hook->do_action(Array)
#2 F:\xamm\htdocs\alwaysready\wp-content\plugins\woocommerce\packages\action-scheduler\classes\actions\ActionScheduler_Action.php(22): do_action_ref_array('wpforms_admin_n...', Array)
#3 F:\xamm\htdocs\alwaysready\wp-content\plugins\woocommerce\packages\action-scheduler\classes\abstracts\ActionScheduler_Abstract_QueueRunner.php(65): ActionScheduler_Action->execute()
#4 F:\xamm\htdocs\alwaysready\wp-content\plugins\woocommerce\packages\action-scheduler\classes\ActionScheduler_QueueRunner.php(162): ActionScheduler_Abstract_QueueRunner->process_action(162, 'WP Cron')
#5 F:\xamm\htdocs\alwaysready\wp-content\plugins\woocommerce\packages\action-scheduler\classes\ActionScheduler_QueueRunner.php(132): ActionScheduler_QueueRunner->do_batch(25, 'WP Cron')
#6 F:\xamm\htdocs\alwaysready\wp-includes\class-wp-hook.php(292): ActionScheduler_QueueRunner->run('WP Cron')
#7 F:\xamm\htdocs\alwaysready\wp-includes\class-wp-hook.php(316): WP_Hook->apply_filters('', Array)
#8 F:\xamm\htdocs\alwaysready\wp-includes\plugin.php(551): WP_Hook->do_action(Array)
#9 F:\xamm\htdocs\alwaysready\wp-cron.php(138): do_action_ref_array('action_schedule...', Array)
#10 {main}
  thrown in F:\xamm\htdocs\alwaysready\wp-includes\class-wp-hook.php on line 292

2021-03-21T05:41:50+00:00 CRITICAL Uncaught Error: Unknown named parameter $tasks_meta_id in F:\xamm\htdocs\alwaysready\wp-includes\class-wp-hook.php:292
Stack trace:
#0 F:\xamm\htdocs\alwaysready\wp-includes\class-wp-hook.php(316): WP_Hook->apply_filters('', Array)
#1 F:\xamm\htdocs\alwaysready\wp-includes\plugin.php(551): WP_Hook->do_action(Array)
#2 F:\xamm\htdocs\alwaysready\wp-content\plugins\woocommerce\packages\action-scheduler\classes\actions\ActionScheduler_Action.php(22): do_action_ref_array('wpforms_admin_n...', Array)
#3 F:\xamm\htdocs\alwaysready\wp-content\plugins\woocommerce\packages\action-scheduler\classes\abstracts\ActionScheduler_Abstract_QueueRunner.php(65): ActionScheduler_Action->execute()
#4 F:\xamm\htdocs\alwaysready\wp-content\plugins\woocommerce\packages\action-scheduler\classes\ActionScheduler_QueueRunner.php(162): ActionScheduler_Abstract_QueueRunner->process_action(163, 'Async Request')
#5 F:\xamm\htdocs\alwaysready\wp-content\plugins\woocommerce\packages\action-scheduler\classes\ActionScheduler_QueueRunner.php(132): ActionScheduler_QueueRunner->do_batch(25, 'Async Request')
#6 F:\xamm\htdocs\alwaysready\wp-includes\class-wp-hook.php(292): ActionScheduler_QueueRunner->run('Async Request')
#7 F:\xamm\htdocs\alwaysready\wp-includes\class-wp-hook.php(316): WP_Hook->apply_filters('', Array)
#8 F:\xamm\htdocs\alwaysready\wp-includes\plugin.php(484): WP_Hook->do_action(Array)
#9 F:\xamm\htdocs\alwaysready\wp-content\plugins\woocommerce\packages\action-scheduler\classes\ActionScheduler_AsyncRequest_QueueRunner.php(52): do_action('action_schedule...', 'Async Request')
#10 F:\xamm\htdocs\alwaysready\wp-content\plugins\woocommerce\includes\libraries\wp-async-request.php(147): ActionScheduler_AsyncRequest_QueueRunner->handle()
#11 F:\xamm\htdocs\alwaysready\wp-includes\class-wp-hook.php(292): WP_Async_Request->maybe_handle('')
#12 F:\xamm\htdocs\alwaysready\wp-includes\class-wp-hook.php(316): WP_Hook->apply_filters('', Array)
#13 F:\xamm\htdocs\alwaysready\wp-includes\plugin.php(484): WP_Hook->do_action(Array)
#14 F:\xamm\htdocs\alwaysready\wp-admin\admin-ajax.php(187): do_action('wp_ajax_as_asyn...')
#15 {main}
  thrown in F:\xamm\htdocs\alwaysready\wp-includes\class-wp-hook.php on line 292

2021-03-21T05:43:52+00:00 CRITICAL Uncaught Error: Unknown named parameter $tasks_meta_id in F:\xamm\htdocs\alwaysready\wp-includes\class-wp-hook.php:292
Stack trace:
#0 F:\xamm\htdocs\alwaysready\wp-includes\class-wp-hook.php(316): WP_Hook->apply_filters('', Array)
#1 F:\xamm\htdocs\alwaysready\wp-includes\plugin.php(551): WP_Hook->do_action(Array)
#2 F:\xamm\htdocs\alwaysready\wp-content\plugins\woocommerce\packages\action-scheduler\classes\actions\ActionScheduler_Action.php(22): do_action_ref_array('wpforms_admin_n...', Array)
#3 F:\xamm\htdocs\alwaysready\wp-content\plugins\woocommerce\packages\action-scheduler\classes\abstracts\ActionScheduler_Abstract_QueueRunner.php(65): ActionScheduler_Action->execute()
#4 F:\xamm\htdocs\alwaysready\wp-content\plugins\woocommerce\packages\action-scheduler\classes\ActionScheduler_QueueRunner.php(162): ActionScheduler_Abstract_QueueRunner->process_action(164, 'Async Request')
#5 F:\xamm\htdocs\alwaysready\wp-content\plugins\woocommerce\packages\action-scheduler\classes\ActionScheduler_QueueRunner.php(132): ActionScheduler_QueueRunner->do_batch(25, 'Async Request')
#6 F:\xamm\htdocs\alwaysready\wp-includes\class-wp-hook.php(292): ActionScheduler_QueueRunner->run('Async Request')
#7 F:\xamm\htdocs\alwaysready\wp-includes\class-wp-hook.php(316): WP_Hook->apply_filters('', Array)
#8 F:\xamm\htdocs\alwaysready\wp-includes\plugin.php(484): WP_Hook->do_action(Array)
#9 F:\xamm\htdocs\alwaysready\wp-content\plugins\woocommerce\packages\action-scheduler\classes\ActionScheduler_AsyncRequest_QueueRunner.php(52): do_action('action_schedule...', 'Async Request')
#10 F:\xamm\htdocs\alwaysready\wp-content\plugins\woocommerce\includes\libraries\wp-async-request.php(147): ActionScheduler_AsyncRequest_QueueRunner->handle()
#11 F:\xamm\htdocs\alwaysready\wp-includes\class-wp-hook.php(292): WP_Async_Request->maybe_handle('')
#12 F:\xamm\htdocs\alwaysready\wp-includes\class-wp-hook.php(316): WP_Hook->apply_filters('', Array)
#13 F:\xamm\htdocs\alwaysready\wp-includes\plugin.php(484): WP_Hook->do_action(Array)
#14 F:\xamm\htdocs\alwaysready\wp-admin\admin-ajax.php(187): do_action('wp_ajax_as_asyn...')
#15 {main}
  thrown in F:\xamm\htdocs\alwaysready\wp-includes\class-wp-hook.php on line 292

2021-03-21T05:56:22+00:00 CRITICAL Uncaught Error: Unknown named parameter $tasks_meta_id in F:\xamm\htdocs\alwaysready\wp-includes\class-wp-hook.php:292
Stack trace:
#0 F:\xamm\htdocs\alwaysready\wp-includes\class-wp-hook.php(316): WP_Hook->apply_filters('', Array)
#1 F:\xamm\htdocs\alwaysready\wp-includes\plugin.php(551): WP_Hook->do_action(Array)
#2 F:\xamm\htdocs\alwaysready\wp-content\plugins\woocommerce\packages\action-scheduler\classes\actions\ActionScheduler_Action.php(22): do_action_ref_array('wpforms_admin_n...', Array)
#3 F:\xamm\htdocs\alwaysready\wp-content\plugins\woocommerce\packages\action-scheduler\classes\abstracts\ActionScheduler_Abstract_QueueRunner.php(65): ActionScheduler_Action->execute()
#4 F:\xamm\htdocs\alwaysready\wp-content\plugins\woocommerce\packages\action-scheduler\classes\ActionScheduler_QueueRunner.php(162): ActionScheduler_Abstract_QueueRunner->process_action(165, 'WP Cron')
#5 F:\xamm\htdocs\alwaysready\wp-content\plugins\woocommerce\packages\action-scheduler\classes\ActionScheduler_QueueRunner.php(132): ActionScheduler_QueueRunner->do_batch(25, 'WP Cron')
#6 F:\xamm\htdocs\alwaysready\wp-includes\class-wp-hook.php(292): ActionScheduler_QueueRunner->run('WP Cron')
#7 F:\xamm\htdocs\alwaysready\wp-includes\class-wp-hook.php(316): WP_Hook->apply_filters('', Array)
#8 F:\xamm\htdocs\alwaysready\wp-includes\plugin.php(551): WP_Hook->do_action(Array)
#9 F:\xamm\htdocs\alwaysready\wp-cron.php(138): do_action_ref_array('action_schedule...', Array)
#10 {main}
  thrown in F:\xamm\htdocs\alwaysready\wp-includes\class-wp-hook.php on line 292

2021-03-21T06:01:00+00:00 CRITICAL Uncaught Error: Unknown named parameter $tasks_meta_id in F:\xamm\htdocs\alwaysready\wp-includes\class-wp-hook.php:292
Stack trace:
#0 F:\xamm\htdocs\alwaysready\wp-includes\class-wp-hook.php(316): WP_Hook->apply_filters('', Array)
#1 F:\xamm\htdocs\alwaysready\wp-includes\plugin.php(551): WP_Hook->do_action(Array)
#2 F:\xamm\htdocs\alwaysready\wp-content\plugins\woocommerce\packages\action-scheduler\classes\actions\ActionScheduler_Action.php(22): do_action_ref_array('wpforms_admin_n...', Array)
#3 F:\xamm\htdocs\alwaysready\wp-content\plugins\woocommerce\packages\action-scheduler\classes\abstracts\ActionScheduler_Abstract_QueueRunner.php(65): ActionScheduler_Action->execute()
#4 F:\xamm\htdocs\alwaysready\wp-content\plugins\woocommerce\packages\action-scheduler\classes\ActionScheduler_QueueRunner.php(162): ActionScheduler_Abstract_QueueRunner->process_action(166, 'WP Cron')
#5 F:\xamm\htdocs\alwaysready\wp-content\plugins\woocommerce\packages\action-scheduler\classes\ActionScheduler_QueueRunner.php(132): ActionScheduler_QueueRunner->do_batch(25, 'WP Cron')
#6 F:\xamm\htdocs\alwaysready\wp-includes\class-wp-hook.php(292): ActionScheduler_QueueRunner->run('WP Cron')
#7 F:\xamm\htdocs\alwaysready\wp-includes\class-wp-hook.php(316): WP_Hook->apply_filters('', Array)
#8 F:\xamm\htdocs\alwaysready\wp-includes\plugin.php(551): WP_Hook->do_action(Array)
#9 F:\xamm\htdocs\alwaysready\wp-cron.php(138): do_action_ref_array('action_schedule...', Array)
#10 {main}
  thrown in F:\xamm\htdocs\alwaysready\wp-includes\class-wp-hook.php on line 292

2021-03-21T06:02:17+00:00 CRITICAL Uncaught Error: Unknown named parameter $tasks_meta_id in F:\xamm\htdocs\alwaysready\wp-includes\class-wp-hook.php:292
Stack trace:
#0 F:\xamm\htdocs\alwaysready\wp-includes\class-wp-hook.php(316): WP_Hook->apply_filters('', Array)
#1 F:\xamm\htdocs\alwaysready\wp-includes\plugin.php(551): WP_Hook->do_action(Array)
#2 F:\xamm\htdocs\alwaysready\wp-content\plugins\woocommerce\packages\action-scheduler\classes\actions\ActionScheduler_Action.php(22): do_action_ref_array('wpforms_admin_n...', Array)
#3 F:\xamm\htdocs\alwaysready\wp-content\plugins\woocommerce\packages\action-scheduler\classes\abstracts\ActionScheduler_Abstract_QueueRunner.php(65): ActionScheduler_Action->execute()
#4 F:\xamm\htdocs\alwaysready\wp-content\plugins\woocommerce\packages\action-scheduler\classes\ActionScheduler_QueueRunner.php(162): ActionScheduler_Abstract_QueueRunner->process_action(167, 'WP Cron')
#5 F:\xamm\htdocs\alwaysready\wp-content\plugins\woocommerce\packages\action-scheduler\classes\ActionScheduler_QueueRunner.php(132): ActionScheduler_QueueRunner->do_batch(25, 'WP Cron')
#6 F:\xamm\htdocs\alwaysready\wp-includes\class-wp-hook.php(292): ActionScheduler_QueueRunner->run('WP Cron')
#7 F:\xamm\htdocs\alwaysready\wp-includes\class-wp-hook.php(316): WP_Hook->apply_filters('', Array)
#8 F:\xamm\htdocs\alwaysready\wp-includes\plugin.php(551): WP_Hook->do_action(Array)
#9 F:\xamm\htdocs\alwaysready\wp-cron.php(138): do_action_ref_array('action_schedule...', Array)
#10 {main}
  thrown in F:\xamm\htdocs\alwaysready\wp-includes\class-wp-hook.php on line 292

2021-03-21T06:05:34+00:00 CRITICAL Uncaught Error: Unknown named parameter $tasks_meta_id in F:\xamm\htdocs\alwaysready\wp-includes\class-wp-hook.php:292
Stack trace:
#0 F:\xamm\htdocs\alwaysready\wp-includes\class-wp-hook.php(316): WP_Hook->apply_filters('', Array)
#1 F:\xamm\htdocs\alwaysready\wp-includes\plugin.php(551): WP_Hook->do_action(Array)
#2 F:\xamm\htdocs\alwaysready\wp-content\plugins\woocommerce\packages\action-scheduler\classes\actions\ActionScheduler_Action.php(22): do_action_ref_array('wpforms_admin_n...', Array)
#3 F:\xamm\htdocs\alwaysready\wp-content\plugins\woocommerce\packages\action-scheduler\classes\abstracts\ActionScheduler_Abstract_QueueRunner.php(65): ActionScheduler_Action->execute()
#4 F:\xamm\htdocs\alwaysready\wp-content\plugins\woocommerce\packages\action-scheduler\classes\ActionScheduler_QueueRunner.php(162): ActionScheduler_Abstract_QueueRunner->process_action(169, 'Async Request')
#5 F:\xamm\htdocs\alwaysready\wp-content\plugins\woocommerce\packages\action-scheduler\classes\ActionScheduler_QueueRunner.php(132): ActionScheduler_QueueRunner->do_batch(25, 'Async Request')
#6 F:\xamm\htdocs\alwaysready\wp-includes\class-wp-hook.php(292): ActionScheduler_QueueRunner->run('Async Request')
#7 F:\xamm\htdocs\alwaysready\wp-includes\class-wp-hook.php(316): WP_Hook->apply_filters('', Array)
#8 F:\xamm\htdocs\alwaysready\wp-includes\plugin.php(484): WP_Hook->do_action(Array)
#9 F:\xamm\htdocs\alwaysready\wp-content\plugins\woocommerce\packages\action-scheduler\classes\ActionScheduler_AsyncRequest_QueueRunner.php(52): do_action('action_schedule...', 'Async Request')
#10 F:\xamm\htdocs\alwaysready\wp-content\plugins\woocommerce\includes\libraries\wp-async-request.php(147): ActionScheduler_AsyncRequest_QueueRunner->handle()
#11 F:\xamm\htdocs\alwaysready\wp-includes\class-wp-hook.php(292): WP_Async_Request->maybe_handle('')
#12 F:\xamm\htdocs\alwaysready\wp-includes\class-wp-hook.php(316): WP_Hook->apply_filters('', Array)
#13 F:\xamm\htdocs\alwaysready\wp-includes\plugin.php(484): WP_Hook->do_action(Array)
#14 F:\xamm\htdocs\alwaysready\wp-admin\admin-ajax.php(187): do_action('wp_ajax_as_asyn...')
#15 {main}
  thrown in F:\xamm\htdocs\alwaysready\wp-includes\class-wp-hook.php on line 292

2021-03-21T06:09:14+00:00 CRITICAL Uncaught Error: Unknown named parameter $tasks_meta_id in F:\xamm\htdocs\alwaysready\wp-includes\class-wp-hook.php:292
Stack trace:
#0 F:\xamm\htdocs\alwaysready\wp-includes\class-wp-hook.php(316): WP_Hook->apply_filters('', Array)
#1 F:\xamm\htdocs\alwaysready\wp-includes\plugin.php(551): WP_Hook->do_action(Array)
#2 F:\xamm\htdocs\alwaysready\wp-content\plugins\woocommerce\packages\action-scheduler\classes\actions\ActionScheduler_Action.php(22): do_action_ref_array('wpforms_admin_n...', Array)
#3 F:\xamm\htdocs\alwaysready\wp-content\plugins\woocommerce\packages\action-scheduler\classes\abstracts\ActionScheduler_Abstract_QueueRunner.php(65): ActionScheduler_Action->execute()
#4 F:\xamm\htdocs\alwaysready\wp-content\plugins\woocommerce\packages\action-scheduler\classes\ActionScheduler_QueueRunner.php(162): ActionScheduler_Abstract_QueueRunner->process_action(170, 'WP Cron')
#5 F:\xamm\htdocs\alwaysready\wp-content\plugins\woocommerce\packages\action-scheduler\classes\ActionScheduler_QueueRunner.php(132): ActionScheduler_QueueRunner->do_batch(25, 'WP Cron')
#6 F:\xamm\htdocs\alwaysready\wp-includes\class-wp-hook.php(292): ActionScheduler_QueueRunner->run('WP Cron')
#7 F:\xamm\htdocs\alwaysready\wp-includes\class-wp-hook.php(316): WP_Hook->apply_filters('', Array)
#8 F:\xamm\htdocs\alwaysready\wp-includes\plugin.php(551): WP_Hook->do_action(Array)
#9 F:\xamm\htdocs\alwaysready\wp-cron.php(138): do_action_ref_array('action_schedule...', Array)
#10 {main}
  thrown in F:\xamm\htdocs\alwaysready\wp-includes\class-wp-hook.php on line 292

2021-03-21T06:10:38+00:00 CRITICAL Uncaught Error: Unknown named parameter $tasks_meta_id in F:\xamm\htdocs\alwaysready\wp-includes\class-wp-hook.php:292
Stack trace:
#0 F:\xamm\htdocs\alwaysready\wp-includes\class-wp-hook.php(316): WP_Hook->apply_filters('', Array)
#1 F:\xamm\htdocs\alwaysready\wp-includes\plugin.php(551): WP_Hook->do_action(Array)
#2 F:\xamm\htdocs\alwaysready\wp-content\plugins\woocommerce\packages\action-scheduler\classes\actions\ActionScheduler_Action.php(22): do_action_ref_array('wpforms_admin_n...', Array)
#3 F:\xamm\htdocs\alwaysready\wp-content\plugins\woocommerce\packages\action-scheduler\classes\abstracts\ActionScheduler_Abstract_QueueRunner.php(65): ActionScheduler_Action->execute()
#4 F:\xamm\htdocs\alwaysready\wp-content\plugins\woocommerce\packages\action-scheduler\classes\ActionScheduler_QueueRunner.php(162): ActionScheduler_Abstract_QueueRunner->process_action(172, 'Async Request')
#5 F:\xamm\htdocs\alwaysready\wp-content\plugins\woocommerce\packages\action-scheduler\classes\ActionScheduler_QueueRunner.php(132): ActionScheduler_QueueRunner->do_batch(25, 'Async Request')
#6 F:\xamm\htdocs\alwaysready\wp-includes\class-wp-hook.php(292): ActionScheduler_QueueRunner->run('Async Request')
#7 F:\xamm\htdocs\alwaysready\wp-includes\class-wp-hook.php(316): WP_Hook->apply_filters('', Array)
#8 F:\xamm\htdocs\alwaysready\wp-includes\plugin.php(484): WP_Hook->do_action(Array)
#9 F:\xamm\htdocs\alwaysready\wp-content\plugins\woocommerce\packages\action-scheduler\classes\ActionScheduler_AsyncRequest_QueueRunner.php(52): do_action('action_schedule...', 'Async Request')
#10 F:\xamm\htdocs\alwaysready\wp-content\plugins\woocommerce\includes\libraries\wp-async-request.php(147): ActionScheduler_AsyncRequest_QueueRunner->handle()
#11 F:\xamm\htdocs\alwaysready\wp-includes\class-wp-hook.php(292): WP_Async_Request->maybe_handle('')
#12 F:\xamm\htdocs\alwaysready\wp-includes\class-wp-hook.php(316): WP_Hook->apply_filters('', Array)
#13 F:\xamm\htdocs\alwaysready\wp-includes\plugin.php(484): WP_Hook->do_action(Array)
#14 F:\xamm\htdocs\alwaysready\wp-admin\admin-ajax.php(187): do_action('wp_ajax_as_asyn...')
#15 {main}
  thrown in F:\xamm\htdocs\alwaysready\wp-includes\class-wp-hook.php on line 292

2021-03-21T06:12:01+00:00 CRITICAL Uncaught Error: Unknown named parameter $tasks_meta_id in F:\xamm\htdocs\alwaysready\wp-includes\class-wp-hook.php:292
Stack trace:
#0 F:\xamm\htdocs\alwaysready\wp-includes\class-wp-hook.php(316): WP_Hook->apply_filters('', Array)
#1 F:\xamm\htdocs\alwaysready\wp-includes\plugin.php(551): WP_Hook->do_action(Array)
#2 F:\xamm\htdocs\alwaysready\wp-content\plugins\woocommerce\packages\action-scheduler\classes\actions\ActionScheduler_Action.php(22): do_action_ref_array('wpforms_admin_n...', Array)
#3 F:\xamm\htdocs\alwaysready\wp-content\plugins\woocommerce\packages\action-scheduler\classes\abstracts\ActionScheduler_Abstract_QueueRunner.php(65): ActionScheduler_Action->execute()
#4 F:\xamm\htdocs\alwaysready\wp-content\plugins\woocommerce\packages\action-scheduler\classes\ActionScheduler_QueueRunner.php(162): ActionScheduler_Abstract_QueueRunner->process_action(173, 'WP Cron')
#5 F:\xamm\htdocs\alwaysready\wp-content\plugins\woocommerce\packages\action-scheduler\classes\ActionScheduler_QueueRunner.php(132): ActionScheduler_QueueRunner->do_batch(25, 'WP Cron')
#6 F:\xamm\htdocs\alwaysready\wp-includes\class-wp-hook.php(292): ActionScheduler_QueueRunner->run('WP Cron')
#7 F:\xamm\htdocs\alwaysready\wp-includes\class-wp-hook.php(316): WP_Hook->apply_filters('', Array)
#8 F:\xamm\htdocs\alwaysready\wp-includes\plugin.php(551): WP_Hook->do_action(Array)
#9 F:\xamm\htdocs\alwaysready\wp-cron.php(138): do_action_ref_array('action_schedule...', Array)
#10 {main}
  thrown in F:\xamm\htdocs\alwaysready\wp-includes\class-wp-hook.php on line 292

2021-03-21T06:14:07+00:00 CRITICAL Uncaught Error: Unknown named parameter $tasks_meta_id in F:\xamm\htdocs\alwaysready\wp-includes\class-wp-hook.php:292
Stack trace:
#0 F:\xamm\htdocs\alwaysready\wp-includes\class-wp-hook.php(316): WP_Hook->apply_filters('', Array)
#1 F:\xamm\htdocs\alwaysready\wp-includes\plugin.php(551): WP_Hook->do_action(Array)
#2 F:\xamm\htdocs\alwaysready\wp-content\plugins\woocommerce\packages\action-scheduler\classes\actions\ActionScheduler_Action.php(22): do_action_ref_array('wpforms_admin_n...', Array)
#3 F:\xamm\htdocs\alwaysready\wp-content\plugins\woocommerce\packages\action-scheduler\classes\abstracts\ActionScheduler_Abstract_QueueRunner.php(65): ActionScheduler_Action->execute()
#4 F:\xamm\htdocs\alwaysready\wp-content\plugins\woocommerce\packages\action-scheduler\classes\ActionScheduler_QueueRunner.php(162): ActionScheduler_Abstract_QueueRunner->process_action(174, 'WP Cron')
#5 F:\xamm\htdocs\alwaysready\wp-content\plugins\woocommerce\packages\action-scheduler\classes\ActionScheduler_QueueRunner.php(132): ActionScheduler_QueueRunner->do_batch(25, 'WP Cron')
#6 F:\xamm\htdocs\alwaysready\wp-includes\class-wp-hook.php(292): ActionScheduler_QueueRunner->run('WP Cron')
#7 F:\xamm\htdocs\alwaysready\wp-includes\class-wp-hook.php(316): WP_Hook->apply_filters('', Array)
#8 F:\xamm\htdocs\alwaysready\wp-includes\plugin.php(551): WP_Hook->do_action(Array)
#9 F:\xamm\htdocs\alwaysready\wp-cron.php(138): do_action_ref_array('action_schedule...', Array)
#10 {main}
  thrown in F:\xamm\htdocs\alwaysready\wp-includes\class-wp-hook.php on line 292

2021-03-21T07:01:15+00:00 CRITICAL Uncaught Error: Unknown named parameter $tasks_meta_id in F:\xamm\htdocs\alwaysready\wp-includes\class-wp-hook.php:292
Stack trace:
#0 F:\xamm\htdocs\alwaysready\wp-includes\class-wp-hook.php(316): WP_Hook->apply_filters('', Array)
#1 F:\xamm\htdocs\alwaysready\wp-includes\plugin.php(551): WP_Hook->do_action(Array)
#2 F:\xamm\htdocs\alwaysready\wp-content\plugins\woocommerce\packages\action-scheduler\classes\actions\ActionScheduler_Action.php(22): do_action_ref_array('wpforms_admin_n...', Array)
#3 F:\xamm\htdocs\alwaysready\wp-content\plugins\woocommerce\packages\action-scheduler\classes\abstracts\ActionScheduler_Abstract_QueueRunner.php(65): ActionScheduler_Action->execute()
#4 F:\xamm\htdocs\alwaysready\wp-content\plugins\woocommerce\packages\action-scheduler\classes\ActionScheduler_QueueRunner.php(162): ActionScheduler_Abstract_QueueRunner->process_action(175, 'WP Cron')
#5 F:\xamm\htdocs\alwaysready\wp-content\plugins\woocommerce\packages\action-scheduler\classes\ActionScheduler_QueueRunner.php(132): ActionScheduler_QueueRunner->do_batch(25, 'WP Cron')
#6 F:\xamm\htdocs\alwaysready\wp-includes\class-wp-hook.php(292): ActionScheduler_QueueRunner->run('WP Cron')
#7 F:\xamm\htdocs\alwaysready\wp-includes\class-wp-hook.php(316): WP_Hook->apply_filters('', Array)
#8 F:\xamm\htdocs\alwaysready\wp-includes\plugin.php(551): WP_Hook->do_action(Array)
#9 F:\xamm\htdocs\alwaysready\wp-cron.php(138): do_action_ref_array('action_schedule...', Array)
#10 {main}
  thrown in F:\xamm\htdocs\alwaysready\wp-includes\class-wp-hook.php on line 292

2021-03-21T07:27:10+00:00 CRITICAL Uncaught Error: Unknown named parameter $tasks_meta_id in F:\xamm\htdocs\alwaysready\wp-includes\class-wp-hook.php:292
Stack trace:
#0 F:\xamm\htdocs\alwaysready\wp-includes\class-wp-hook.php(316): WP_Hook->apply_filters('', Array)
#1 F:\xamm\htdocs\alwaysready\wp-includes\plugin.php(551): WP_Hook->do_action(Array)
#2 F:\xamm\htdocs\alwaysready\wp-content\plugins\woocommerce\packages\action-scheduler\classes\actions\ActionScheduler_Action.php(22): do_action_ref_array('wpforms_admin_n...', Array)
#3 F:\xamm\htdocs\alwaysready\wp-content\plugins\woocommerce\packages\action-scheduler\classes\abstracts\ActionScheduler_Abstract_QueueRunner.php(65): ActionScheduler_Action->execute()
#4 F:\xamm\htdocs\alwaysready\wp-content\plugins\woocommerce\packages\action-scheduler\classes\ActionScheduler_QueueRunner.php(162): ActionScheduler_Abstract_QueueRunner->process_action(176, 'WP Cron')
#5 F:\xamm\htdocs\alwaysready\wp-content\plugins\woocommerce\packages\action-scheduler\classes\ActionScheduler_QueueRunner.php(132): ActionScheduler_QueueRunner->do_batch(25, 'WP Cron')
#6 F:\xamm\htdocs\alwaysready\wp-includes\class-wp-hook.php(292): ActionScheduler_QueueRunner->run('WP Cron')
#7 F:\xamm\htdocs\alwaysready\wp-includes\class-wp-hook.php(316): WP_Hook->apply_filters('', Array)
#8 F:\xamm\htdocs\alwaysready\wp-includes\plugin.php(551): WP_Hook->do_action(Array)
#9 F:\xamm\htdocs\alwaysready\wp-cron.php(138): do_action_ref_array('action_schedule...', Array)
#10 {main}
  thrown in F:\xamm\htdocs\alwaysready\wp-includes\class-wp-hook.php on line 292

2021-03-21T07:28:02+00:00 CRITICAL Uncaught Error: Unknown named parameter $tasks_meta_id in F:\xamm\htdocs\alwaysready\wp-includes\class-wp-hook.php:292
Stack trace:
#0 F:\xamm\htdocs\alwaysready\wp-includes\class-wp-hook.php(316): WP_Hook->apply_filters('', Array)
#1 F:\xamm\htdocs\alwaysready\wp-includes\plugin.php(551): WP_Hook->do_action(Array)
#2 F:\xamm\htdocs\alwaysready\wp-content\plugins\woocommerce\packages\action-scheduler\classes\actions\ActionScheduler_Action.php(22): do_action_ref_array('wpforms_admin_n...', Array)
#3 F:\xamm\htdocs\alwaysready\wp-content\plugins\woocommerce\packages\action-scheduler\classes\abstracts\ActionScheduler_Abstract_QueueRunner.php(65): ActionScheduler_Action->execute()
#4 F:\xamm\htdocs\alwaysready\wp-content\plugins\woocommerce\packages\action-scheduler\classes\ActionScheduler_QueueRunner.php(162): ActionScheduler_Abstract_QueueRunner->process_action(177, 'WP Cron')
#5 F:\xamm\htdocs\alwaysready\wp-content\plugins\woocommerce\packages\action-scheduler\classes\ActionScheduler_QueueRunner.php(132): ActionScheduler_QueueRunner->do_batch(25, 'WP Cron')
#6 F:\xamm\htdocs\alwaysready\wp-includes\class-wp-hook.php(292): ActionScheduler_QueueRunner->run('WP Cron')
#7 F:\xamm\htdocs\alwaysready\wp-includes\class-wp-hook.php(316): WP_Hook->apply_filters('', Array)
#8 F:\xamm\htdocs\alwaysready\wp-includes\plugin.php(551): WP_Hook->do_action(Array)
#9 F:\xamm\htdocs\alwaysready\wp-cron.php(138): do_action_ref_array('action_schedule...', Array)
#10 {main}
  thrown in F:\xamm\htdocs\alwaysready\wp-includes\class-wp-hook.php on line 292

2021-03-21T16:02:06+00:00 CRITICAL Uncaught Error: Unknown named parameter $tasks_meta_id in F:\xamm\htdocs\alwaysready\wp-includes\class-wp-hook.php:292
Stack trace:
#0 F:\xamm\htdocs\alwaysready\wp-includes\class-wp-hook.php(316): WP_Hook->apply_filters('', Array)
#1 F:\xamm\htdocs\alwaysready\wp-includes\plugin.php(551): WP_Hook->do_action(Array)
#2 F:\xamm\htdocs\alwaysready\wp-content\plugins\woocommerce\packages\action-scheduler\classes\actions\ActionScheduler_Action.php(22): do_action_ref_array('wpforms_admin_n...', Array)
#3 F:\xamm\htdocs\alwaysready\wp-content\plugins\woocommerce\packages\action-scheduler\classes\abstracts\ActionScheduler_Abstract_QueueRunner.php(65): ActionScheduler_Action->execute()
#4 F:\xamm\htdocs\alwaysready\wp-content\plugins\woocommerce\packages\action-scheduler\classes\ActionScheduler_QueueRunner.php(162): ActionScheduler_Abstract_QueueRunner->process_action(178, 'WP Cron')
#5 F:\xamm\htdocs\alwaysready\wp-content\plugins\woocommerce\packages\action-scheduler\classes\ActionScheduler_QueueRunner.php(132): ActionScheduler_QueueRunner->do_batch(25, 'WP Cron')
#6 F:\xamm\htdocs\alwaysready\wp-includes\class-wp-hook.php(292): ActionScheduler_QueueRunner->run('WP Cron')
#7 F:\xamm\htdocs\alwaysready\wp-includes\class-wp-hook.php(316): WP_Hook->apply_filters('', Array)
#8 F:\xamm\htdocs\alwaysready\wp-includes\plugin.php(551): WP_Hook->do_action(Array)
#9 F:\xamm\htdocs\alwaysready\wp-cron.php(138): do_action_ref_array('action_schedule...', Array)
#10 {main}
  thrown in F:\xamm\htdocs\alwaysready\wp-includes\class-wp-hook.php on line 292

2021-03-21T16:02:51+00:00 CRITICAL Uncaught Error: Unknown named parameter $tasks_meta_id in F:\xamm\htdocs\alwaysready\wp-includes\class-wp-hook.php:292
Stack trace:
#0 F:\xamm\htdocs\alwaysready\wp-includes\class-wp-hook.php(316): WP_Hook->apply_filters('', Array)
#1 F:\xamm\htdocs\alwaysready\wp-includes\plugin.php(551): WP_Hook->do_action(Array)
#2 F:\xamm\htdocs\alwaysready\wp-content\plugins\woocommerce\packages\action-scheduler\classes\actions\ActionScheduler_Action.php(22): do_action_ref_array('wpforms_admin_n...', Array)
#3 F:\xamm\htdocs\alwaysready\wp-content\plugins\woocommerce\packages\action-scheduler\classes\abstracts\ActionScheduler_Abstract_QueueRunner.php(65): ActionScheduler_Action->execute()
#4 F:\xamm\htdocs\alwaysready\wp-content\plugins\woocommerce\packages\action-scheduler\classes\ActionScheduler_QueueRunner.php(162): ActionScheduler_Abstract_QueueRunner->process_action(179, 'Async Request')
#5 F:\xamm\htdocs\alwaysready\wp-content\plugins\woocommerce\packages\action-scheduler\classes\ActionScheduler_QueueRunner.php(132): ActionScheduler_QueueRunner->do_batch(25, 'Async Request')
#6 F:\xamm\htdocs\alwaysready\wp-includes\class-wp-hook.php(292): ActionScheduler_QueueRunner->run('Async Request')
#7 F:\xamm\htdocs\alwaysready\wp-includes\class-wp-hook.php(316): WP_Hook->apply_filters('', Array)
#8 F:\xamm\htdocs\alwaysready\wp-includes\plugin.php(484): WP_Hook->do_action(Array)
#9 F:\xamm\htdocs\alwaysready\wp-content\plugins\woocommerce\packages\action-scheduler\classes\ActionScheduler_AsyncRequest_QueueRunner.php(52): do_action('action_schedule...', 'Async Request')
#10 F:\xamm\htdocs\alwaysready\wp-content\plugins\woocommerce\includes\libraries\wp-async-request.php(147): ActionScheduler_AsyncRequest_QueueRunner->handle()
#11 F:\xamm\htdocs\alwaysready\wp-includes\class-wp-hook.php(292): WP_Async_Request->maybe_handle('')
#12 F:\xamm\htdocs\alwaysready\wp-includes\class-wp-hook.php(316): WP_Hook->apply_filters('', Array)
#13 F:\xamm\htdocs\alwaysready\wp-includes\plugin.php(484): WP_Hook->do_action(Array)
#14 F:\xamm\htdocs\alwaysready\wp-admin\admin-ajax.php(187): do_action('wp_ajax_as_asyn...')
#15 {main}
  thrown in F:\xamm\htdocs\alwaysready\wp-includes\class-wp-hook.php on line 292

2021-03-21T16:06:06+00:00 CRITICAL Uncaught Error: Unknown named parameter $tasks_meta_id in F:\xamm\htdocs\alwaysready\wp-includes\class-wp-hook.php:292
Stack trace:
#0 F:\xamm\htdocs\alwaysready\wp-includes\class-wp-hook.php(316): WP_Hook->apply_filters('', Array)
#1 F:\xamm\htdocs\alwaysready\wp-includes\plugin.php(551): WP_Hook->do_action(Array)
#2 F:\xamm\htdocs\alwaysready\wp-content\plugins\woocommerce\packages\action-scheduler\classes\actions\ActionScheduler_Action.php(22): do_action_ref_array('wpforms_admin_n...', Array)
#3 F:\xamm\htdocs\alwaysready\wp-content\plugins\woocommerce\packages\action-scheduler\classes\abstracts\ActionScheduler_Abstract_QueueRunner.php(65): ActionScheduler_Action->execute()
#4 F:\xamm\htdocs\alwaysready\wp-content\plugins\woocommerce\packages\action-scheduler\classes\ActionScheduler_QueueRunner.php(162): ActionScheduler_Abstract_QueueRunner->process_action(180, 'WP Cron')
#5 F:\xamm\htdocs\alwaysready\wp-content\plugins\woocommerce\packages\action-scheduler\classes\ActionScheduler_QueueRunner.php(132): ActionScheduler_QueueRunner->do_batch(25, 'WP Cron')
#6 F:\xamm\htdocs\alwaysready\wp-includes\class-wp-hook.php(292): ActionScheduler_QueueRunner->run('WP Cron')
#7 F:\xamm\htdocs\alwaysready\wp-includes\class-wp-hook.php(316): WP_Hook->apply_filters('', Array)
#8 F:\xamm\htdocs\alwaysready\wp-includes\plugin.php(551): WP_Hook->do_action(Array)
#9 F:\xamm\htdocs\alwaysready\wp-cron.php(138): do_action_ref_array('action_schedule...', Array)
#10 {main}
  thrown in F:\xamm\htdocs\alwaysready\wp-includes\class-wp-hook.php on line 292

2021-03-21T16:07:07+00:00 CRITICAL Uncaught Error: Unknown named parameter $tasks_meta_id in F:\xamm\htdocs\alwaysready\wp-includes\class-wp-hook.php:292
Stack trace:
#0 F:\xamm\htdocs\alwaysready\wp-includes\class-wp-hook.php(316): WP_Hook->apply_filters('', Array)
#1 F:\xamm\htdocs\alwaysready\wp-includes\plugin.php(551): WP_Hook->do_action(Array)
#2 F:\xamm\htdocs\alwaysready\wp-content\plugins\woocommerce\packages\action-scheduler\classes\actions\ActionScheduler_Action.php(22): do_action_ref_array('wpforms_admin_n...', Array)
#3 F:\xamm\htdocs\alwaysready\wp-content\plugins\woocommerce\packages\action-scheduler\classes\abstracts\ActionScheduler_Abstract_QueueRunner.php(65): ActionScheduler_Action->execute()
#4 F:\xamm\htdocs\alwaysready\wp-content\plugins\woocommerce\packages\action-scheduler\classes\ActionScheduler_QueueRunner.php(162): ActionScheduler_Abstract_QueueRunner->process_action(181, 'WP Cron')
#5 F:\xamm\htdocs\alwaysready\wp-content\plugins\woocommerce\packages\action-scheduler\classes\ActionScheduler_QueueRunner.php(132): ActionScheduler_QueueRunner->do_batch(25, 'WP Cron')
#6 F:\xamm\htdocs\alwaysready\wp-includes\class-wp-hook.php(292): ActionScheduler_QueueRunner->run('WP Cron')
#7 F:\xamm\htdocs\alwaysready\wp-includes\class-wp-hook.php(316): WP_Hook->apply_filters('', Array)
#8 F:\xamm\htdocs\alwaysready\wp-includes\plugin.php(551): WP_Hook->do_action(Array)
#9 F:\xamm\htdocs\alwaysready\wp-cron.php(138): do_action_ref_array('action_schedule...', Array)
#10 {main}
  thrown in F:\xamm\htdocs\alwaysready\wp-includes\class-wp-hook.php on line 292

2021-03-21T16:14:01+00:00 CRITICAL Uncaught Error: Unknown named parameter $tasks_meta_id in F:\xamm\htdocs\alwaysready\wp-includes\class-wp-hook.php:292
Stack trace:
#0 F:\xamm\htdocs\alwaysready\wp-includes\class-wp-hook.php(316): WP_Hook->apply_filters('', Array)
#1 F:\xamm\htdocs\alwaysready\wp-includes\plugin.php(551): WP_Hook->do_action(Array)
#2 F:\xamm\htdocs\alwaysready\wp-content\plugins\woocommerce\packages\action-scheduler\classes\actions\ActionScheduler_Action.php(22): do_action_ref_array('wpforms_admin_n...', Array)
#3 F:\xamm\htdocs\alwaysready\wp-content\plugins\woocommerce\packages\action-scheduler\classes\abstracts\ActionScheduler_Abstract_QueueRunner.php(65): ActionScheduler_Action->execute()
#4 F:\xamm\htdocs\alwaysready\wp-content\plugins\woocommerce\packages\action-scheduler\classes\ActionScheduler_QueueRunner.php(162): ActionScheduler_Abstract_QueueRunner->process_action(182, 'WP Cron')
#5 F:\xamm\htdocs\alwaysready\wp-content\plugins\woocommerce\packages\action-scheduler\classes\ActionScheduler_QueueRunner.php(132): ActionScheduler_QueueRunner->do_batch(25, 'WP Cron')
#6 F:\xamm\htdocs\alwaysready\wp-includes\class-wp-hook.php(292): ActionScheduler_QueueRunner->run('WP Cron')
#7 F:\xamm\htdocs\alwaysready\wp-includes\class-wp-hook.php(316): WP_Hook->apply_filters('', Array)
#8 F:\xamm\htdocs\alwaysready\wp-includes\plugin.php(551): WP_Hook->do_action(Array)
#9 F:\xamm\htdocs\alwaysready\wp-cron.php(138): do_action_ref_array('action_schedule...', Array)
#10 {main}
  thrown in F:\xamm\htdocs\alwaysready\wp-includes\class-wp-hook.php on line 292

2021-03-21T16:14:39+00:00 CRITICAL Uncaught Error: Unknown named parameter $tasks_meta_id in F:\xamm\htdocs\alwaysready\wp-includes\class-wp-hook.php:292
Stack trace:
#0 F:\xamm\htdocs\alwaysready\wp-includes\class-wp-hook.php(316): WP_Hook->apply_filters('', Array)
#1 F:\xamm\htdocs\alwaysready\wp-includes\plugin.php(551): WP_Hook->do_action(Array)
#2 F:\xamm\htdocs\alwaysready\wp-content\plugins\woocommerce\packages\action-scheduler\classes\actions\ActionScheduler_Action.php(22): do_action_ref_array('wpforms_admin_n...', Array)
#3 F:\xamm\htdocs\alwaysready\wp-content\plugins\woocommerce\packages\action-scheduler\classes\abstracts\ActionScheduler_Abstract_QueueRunner.php(65): ActionScheduler_Action->execute()
#4 F:\xamm\htdocs\alwaysready\wp-content\plugins\woocommerce\packages\action-scheduler\classes\ActionScheduler_QueueRunner.php(162): ActionScheduler_Abstract_QueueRunner->process_action(183, 'Async Request')
#5 F:\xamm\htdocs\alwaysready\wp-content\plugins\woocommerce\packages\action-scheduler\classes\ActionScheduler_QueueRunner.php(132): ActionScheduler_QueueRunner->do_batch(25, 'Async Request')
#6 F:\xamm\htdocs\alwaysready\wp-includes\class-wp-hook.php(292): ActionScheduler_QueueRunner->run('Async Request')
#7 F:\xamm\htdocs\alwaysready\wp-includes\class-wp-hook.php(316): WP_Hook->apply_filters('', Array)
#8 F:\xamm\htdocs\alwaysready\wp-includes\plugin.php(484): WP_Hook->do_action(Array)
#9 F:\xamm\htdocs\alwaysready\wp-content\plugins\woocommerce\packages\action-scheduler\classes\ActionScheduler_AsyncRequest_QueueRunner.php(52): do_action('action_schedule...', 'Async Request')
#10 F:\xamm\htdocs\alwaysready\wp-content\plugins\woocommerce\includes\libraries\wp-async-request.php(147): ActionScheduler_AsyncRequest_QueueRunner->handle()
#11 F:\xamm\htdocs\alwaysready\wp-includes\class-wp-hook.php(292): WP_Async_Request->maybe_handle('')
#12 F:\xamm\htdocs\alwaysready\wp-includes\class-wp-hook.php(316): WP_Hook->apply_filters('', Array)
#13 F:\xamm\htdocs\alwaysready\wp-includes\plugin.php(484): WP_Hook->do_action(Array)
#14 F:\xamm\htdocs\alwaysready\wp-admin\admin-ajax.php(202): do_action('wp_ajax_nopriv_...')
#15 {main}
  thrown in F:\xamm\htdocs\alwaysready\wp-includes\class-wp-hook.php on line 292

